mode: atomic
github.com/aerospike/aerospike-client-go/bin.go:33.50,38.2 1 9575
github.com/aerospike/aerospike-client-go/bin.go:41.32,43.2 1 0
github.com/aerospike/aerospike-client-go/bin.go:45.54,47.27 2 5
github.com/aerospike/aerospike-client-go/bin.go:53.2,53.13 1 5
github.com/aerospike/aerospike-client-go/bin.go:47.27,51.3 3 8
github.com/aerospike/aerospike-client-go/bin.go:59.13,60.56 1 1
github.com/aerospike/aerospike-client-go/bin.go:69.2,69.71 1 1
github.com/aerospike/aerospike-client-go/bin.go:60.56,63.23 3 397
github.com/aerospike/aerospike-client-go/bin.go:66.3,66.14 1 397
github.com/aerospike/aerospike-client-go/bin.go:63.23,65.4 1 867
github.com/aerospike/aerospike-client-go/bin.go:69.71,71.3 1 402
github.com/aerospike/aerospike-client-go/filter.go:34.64,37.2 2 1
github.com/aerospike/aerospike-client-go/filter.go:42.69,45.2 2 5
github.com/aerospike/aerospike-client-go/filter.go:48.108,51.2 2 6
github.com/aerospike/aerospike-client-go/filter.go:54.112,57.2 2 0
github.com/aerospike/aerospike-client-go/filter.go:61.63,64.2 2 6
github.com/aerospike/aerospike-client-go/filter.go:68.72,71.2 2 1
github.com/aerospike/aerospike-client-go/filter.go:75.81,78.2 2 1
github.com/aerospike/aerospike-client-go/filter.go:83.125,91.2 1 20
github.com/aerospike/aerospike-client-go/filter.go:94.63,96.2 1 40
github.com/aerospike/aerospike-client-go/filter.go:98.49,101.2 1 20
github.com/aerospike/aerospike-client-go/filter.go:103.64,117.16 8 20
github.com/aerospike/aerospike-client-go/filter.go:120.2,125.16 4 20
github.com/aerospike/aerospike-client-go/filter.go:128.2,131.20 3 20
github.com/aerospike/aerospike-client-go/filter.go:117.16,119.3 1 0
github.com/aerospike/aerospike-client-go/filter.go:125.16,127.3 1 0
github.com/aerospike/aerospike-client-go/policy.go:59.30,67.2 1 405
github.com/aerospike/aerospike-client-go/policy.go:72.50,72.62 1 61755
github.com/aerospike/aerospike-client-go/query_aggregate_command.go:32.131,40.2 3 2
github.com/aerospike/aerospike-client-go/query_aggregate_command.go:42.51,45.2 1 2
github.com/aerospike/aerospike-client-go/query_aggregate_command.go:47.98,51.35 2 22
github.com/aerospike/aerospike-client-go/query_aggregate_command.go:158.2,158.18 1 20
github.com/aerospike/aerospike-client-go/query_aggregate_command.go:51.35,52.72 1 22
github.com/aerospike/aerospike-client-go/query_aggregate_command.go:56.3,58.22 2 22
github.com/aerospike/aerospike-client-go/query_aggregate_command.go:74.3,77.43 2 22
github.com/aerospike/aerospike-client-go/query_aggregate_command.go:83.3,86.19 3 20
github.com/aerospike/aerospike-client-go/query_aggregate_command.go:92.3,93.17 2 20
github.com/aerospike/aerospike-client-go/query_aggregate_command.go:102.3,104.32 2 20
github.com/aerospike/aerospike-client-go/query_aggregate_command.go:137.3,138.14 2 20
github.com/aerospike/aerospike-client-go/query_aggregate_command.go:150.3,150.10 1 20
github.com/aerospike/aerospike-client-go/query_aggregate_command.go:52.72,55.4 2 0
github.com/aerospike/aerospike-client-go/query_aggregate_command.go:58.22,59.41 1 0
github.com/aerospike/aerospike-client-go/query_aggregate_command.go:69.4,71.21 3 0
github.com/aerospike/aerospike-client-go/query_aggregate_command.go:59.41,61.37 1 0
github.com/aerospike/aerospike-client-go/query_aggregate_command.go:67.5,67.22 1 0
github.com/aerospike/aerospike-client-go/query_aggregate_command.go:61.37,62.72 1 0
github.com/aerospike/aerospike-client-go/query_aggregate_command.go:62.72,65.7 2 0
github.com/aerospike/aerospike-client-go/query_aggregate_command.go:77.43,79.4 1 2
github.com/aerospike/aerospike-client-go/query_aggregate_command.go:86.19,90.4 3 0
github.com/aerospike/aerospike-client-go/query_aggregate_command.go:93.17,96.4 2 0
github.com/aerospike/aerospike-client-go/query_aggregate_command.go:104.32,105.43 1 20
github.com/aerospike/aerospike-client-go/query_aggregate_command.go:110.4,114.50 4 20
github.com/aerospike/aerospike-client-go/query_aggregate_command.go:118.4,121.58 3 20
github.com/aerospike/aerospike-client-go/query_aggregate_command.go:125.4,126.18 2 20
github.com/aerospike/aerospike-client-go/query_aggregate_command.go:131.4,131.19 1 20
github.com/aerospike/aerospike-client-go/query_aggregate_command.go:134.4,134.22 1 20
github.com/aerospike/aerospike-client-go/query_aggregate_command.go:105.43,108.5 2 0
github.com/aerospike/aerospike-client-go/query_aggregate_command.go:114.50,117.5 2 0
github.com/aerospike/aerospike-client-go/query_aggregate_command.go:121.58,124.5 2 0
github.com/aerospike/aerospike-client-go/query_aggregate_command.go:126.18,129.5 2 0
github.com/aerospike/aerospike-client-go/query_aggregate_command.go:131.19,133.5 1 20
github.com/aerospike/aerospike-client-go/query_aggregate_command.go:138.14,139.49 1 0
github.com/aerospike/aerospike-client-go/query_aggregate_command.go:139.49,142.5 2 0
github.com/aerospike/aerospike-client-go/query_aggregate_command.go:142.5,145.5 2 0
github.com/aerospike/aerospike-client-go/query_aggregate_command.go:152.3,152.30 0 20
github.com/aerospike/aerospike-client-go/query_aggregate_command.go:153.3,154.53 1 0
github.com/aerospike/aerospike-client-go/scan_command.go:35.16,47.2 3 15
github.com/aerospike/aerospike-client-go/scan_command.go:49.55,51.2 1 15
github.com/aerospike/aerospike-client-go/scan_command.go:53.56,55.2 1 15
github.com/aerospike/aerospike-client-go/scan_command.go:57.74,59.2 1 15
github.com/aerospike/aerospike-client-go/scan_command.go:61.41,64.2 2 15
github.com/aerospike/aerospike-client-go/batch_command.go:54.74,61.60 2 48
github.com/aerospike/aerospike-client-go/batch_command.go:71.2,71.12 1 48
github.com/aerospike/aerospike-client-go/batch_command.go:61.60,69.3 2 4
github.com/aerospike/aerospike-client-go/batch_command.go:74.66,76.2 1 48
github.com/aerospike/aerospike-client-go/batch_command.go:78.79,87.13 5 48
github.com/aerospike/aerospike-client-go/batch_command.go:108.2,108.12 1 45
github.com/aerospike/aerospike-client-go/batch_command.go:87.13,89.60 1 15752
github.com/aerospike/aerospike-client-go/batch_command.go:93.3,99.22 6 15752
github.com/aerospike/aerospike-client-go/batch_command.go:89.60,91.4 1 0
github.com/aerospike/aerospike-client-go/batch_command.go:99.22,100.74 1 15752
github.com/aerospike/aerospike-client-go/batch_command.go:100.74,102.5 1 3
github.com/aerospike/aerospike-client-go/batch_command.go:103.4,105.4 1 0
github.com/aerospike/aerospike-client-go/batch_command.go:111.69,117.34 5 30090
github.com/aerospike/aerospike-client-go/batch_command.go:145.2,145.92 1 30090
github.com/aerospike/aerospike-client-go/batch_command.go:117.34,118.41 1 96478
github.com/aerospike/aerospike-client-go/batch_command.go:122.3,123.48 2 96478
github.com/aerospike/aerospike-client-go/batch_command.go:127.3,130.20 3 96478
github.com/aerospike/aerospike-client-go/batch_command.go:118.41,120.4 1 0
github.com/aerospike/aerospike-client-go/batch_command.go:123.48,125.4 1 0
github.com/aerospike/aerospike-client-go/batch_command.go:131.3,133.42 2 29552
github.com/aerospike/aerospike-client-go/batch_command.go:134.3,135.50 1 29552
github.com/aerospike/aerospike-client-go/batch_command.go:136.3,137.48 1 25846
github.com/aerospike/aerospike-client-go/batch_command.go:138.3,139.101 1 11528
github.com/aerospike/aerospike-client-go/batch_command.go:139.101,141.5 1 0
github.com/aerospike/aerospike-client-go/batch_command.go:148.58,149.34 1 383084
github.com/aerospike/aerospike-client-go/batch_command.go:158.2,158.29 1 383084
github.com/aerospike/aerospike-client-go/batch_command.go:172.2,172.80 1 383084
github.com/aerospike/aerospike-client-go/batch_command.go:176.2,177.12 2 383084
github.com/aerospike/aerospike-client-go/batch_command.go:149.34,152.29 1 1
github.com/aerospike/aerospike-client-go/batch_command.go:155.3,155.40 1 1
github.com/aerospike/aerospike-client-go/batch_command.go:152.29,154.4 1 0
github.com/aerospike/aerospike-client-go/batch_command.go:158.29,159.22 1 16161
github.com/aerospike/aerospike-client-go/batch_command.go:163.3,163.33 1 16161
github.com/aerospike/aerospike-client-go/batch_command.go:159.22,161.4 1 0
github.com/aerospike/aerospike-client-go/batch_command.go:163.33,166.4 2 410
github.com/aerospike/aerospike-client-go/batch_command.go:166.4,169.4 2 15751
github.com/aerospike/aerospike-client-go/batch_command.go:172.80,174.3 1 0
github.com/aerospike/aerospike-client-go/batch_command.go:180.62,184.31 1 16161
github.com/aerospike/aerospike-client-go/batch_command.go:189.2,190.16 2 16161
github.com/aerospike/aerospike-client-go/batch_command.go:194.2,194.12 1 16161
github.com/aerospike/aerospike-client-go/batch_command.go:184.31,186.3 1 0
github.com/aerospike/aerospike-client-go/batch_command.go:190.16,192.3 1 0
github.com/aerospike/aerospike-client-go/batch_command.go:197.93,201.35 2 15718
github.com/aerospike/aerospike-client-go/batch_command.go:308.2,308.18 1 15680
github.com/aerospike/aerospike-client-go/batch_command.go:201.35,202.72 1 22937
github.com/aerospike/aerospike-client-go/batch_command.go:206.3,208.22 2 22937
github.com/aerospike/aerospike-client-go/batch_command.go:224.3,227.43 2 22937
github.com/aerospike/aerospike-client-go/batch_command.go:231.3,237.17 6 22902
github.com/aerospike/aerospike-client-go/batch_command.go:244.3,244.29 1 22902
github.com/aerospike/aerospike-client-go/batch_command.go:202.72,205.4 2 0
github.com/aerospike/aerospike-client-go/batch_command.go:208.22,209.41 1 0
github.com/aerospike/aerospike-client-go/batch_command.go:219.4,221.21 3 0
github.com/aerospike/aerospike-client-go/batch_command.go:209.41,211.37 1 0
github.com/aerospike/aerospike-client-go/batch_command.go:217.5,217.22 1 0
github.com/aerospike/aerospike-client-go/batch_command.go:211.37,212.72 1 0
github.com/aerospike/aerospike-client-go/batch_command.go:212.72,215.7 2 0
github.com/aerospike/aerospike-client-go/batch_command.go:227.43,229.4 1 35
github.com/aerospike/aerospike-client-go/batch_command.go:237.17,240.4 2 0
github.com/aerospike/aerospike-client-go/batch_command.go:244.29,248.33 2 22642
github.com/aerospike/aerospike-client-go/batch_command.go:283.4,283.11 1 22642
github.com/aerospike/aerospike-client-go/batch_command.go:248.33,249.44 1 50138
github.com/aerospike/aerospike-client-go/batch_command.go:254.5,258.51 4 50138
github.com/aerospike/aerospike-client-go/batch_command.go:262.5,265.59 3 50138
github.com/aerospike/aerospike-client-go/batch_command.go:269.5,270.19 2 50138
github.com/aerospike/aerospike-client-go/batch_command.go:275.5,275.20 1 50138
github.com/aerospike/aerospike-client-go/batch_command.go:278.5,278.23 1 50138
github.com/aerospike/aerospike-client-go/batch_command.go:249.44,252.6 2 0
github.com/aerospike/aerospike-client-go/batch_command.go:258.51,261.6 2 0
github.com/aerospike/aerospike-client-go/batch_command.go:265.59,268.6 2 0
github.com/aerospike/aerospike-client-go/batch_command.go:270.19,273.6 2 0
github.com/aerospike/aerospike-client-go/batch_command.go:275.20,277.6 1 22642
github.com/aerospike/aerospike-client-go/batch_command.go:285.4,285.89 0 22640
github.com/aerospike/aerospike-client-go/batch_command.go:286.4,287.62 1 2
github.com/aerospike/aerospike-client-go/batch_command.go:289.4,291.92 2 260
github.com/aerospike/aerospike-client-go/batch_command.go:297.4,300.18 3 260
github.com/aerospike/aerospike-client-go/batch_command.go:291.92,294.5 2 0
github.com/aerospike/aerospike-client-go/batch_command.go:301.4,301.11 0 259
github.com/aerospike/aerospike-client-go/batch_command.go:302.4,303.62 1 1
github.com/aerospike/aerospike-client-go/batch_command.go:317.9,318.31 1 260
github.com/aerospike/aerospike-client-go/batch_command.go:350.2,350.12 1 260
github.com/aerospike/aerospike-client-go/batch_command.go:318.31,319.42 1 260
github.com/aerospike/aerospike-client-go/batch_command.go:324.3,328.49 4 260
github.com/aerospike/aerospike-client-go/batch_command.go:332.3,335.58 3 260
github.com/aerospike/aerospike-client-go/batch_command.go:339.3,340.17 2 260
github.com/aerospike/aerospike-client-go/batch_command.go:345.3,345.58 1 260
github.com/aerospike/aerospike-client-go/batch_command.go:319.42,322.4 2 0
github.com/aerospike/aerospike-client-go/batch_command.go:328.49,331.4 2 0
github.com/aerospike/aerospike-client-go/batch_command.go:335.58,338.4 2 0
github.com/aerospike/aerospike-client-go/batch_command.go:340.17,343.4 2 0
github.com/aerospike/aerospike-client-go/batch_command.go:345.58,347.4 1 0
github.com/aerospike/aerospike-client-go/marshal.go:30.79,32.30 1 1140
github.com/aerospike/aerospike-client-go/marshal.go:39.2,39.18 1 1033
github.com/aerospike/aerospike-client-go/marshal.go:32.30,33.16 1 147
github.com/aerospike/aerospike-client-go/marshal.go:36.3,36.26 1 40
github.com/aerospike/aerospike-client-go/marshal.go:33.16,35.4 1 107
github.com/aerospike/aerospike-client-go/marshal.go:40.2,41.25 1 10
github.com/aerospike/aerospike-client-go/marshal.go:42.2,45.27 1 20
github.com/aerospike/aerospike-client-go/marshal.go:50.2,51.64 1 18
github.com/aerospike/aerospike-client-go/marshal.go:54.3,54.46 1 13
github.com/aerospike/aerospike-client-go/marshal.go:55.2,56.23 1 10
github.com/aerospike/aerospike-client-go/marshal.go:59.3,59.18 1 6
github.com/aerospike/aerospike-client-go/marshal.go:60.2,61.16 1 4
github.com/aerospike/aerospike-client-go/marshal.go:65.3,66.34 2 1
github.com/aerospike/aerospike-client-go/marshal.go:70.3,70.16 1 1
github.com/aerospike/aerospike-client-go/marshal.go:71.2,72.45 1 24
github.com/aerospike/aerospike-client-go/marshal.go:77.3,78.38 2 7
github.com/aerospike/aerospike-client-go/marshal.go:82.3,82.18 1 7
github.com/aerospike/aerospike-client-go/marshal.go:83.2,84.16 1 34
github.com/aerospike/aerospike-client-go/marshal.go:87.3,87.23 1 14
github.com/aerospike/aerospike-client-go/marshal.go:88.2,89.23 1 913
github.com/aerospike/aerospike-client-go/marshal.go:45.27,47.4 1 20
github.com/aerospike/aerospike-client-go/marshal.go:47.4,49.4 1 0
github.com/aerospike/aerospike-client-go/marshal.go:51.64,53.4 1 5
github.com/aerospike/aerospike-client-go/marshal.go:56.23,58.4 1 4
github.com/aerospike/aerospike-client-go/marshal.go:61.16,63.4 1 3
github.com/aerospike/aerospike-client-go/marshal.go:66.34,68.4 1 4
github.com/aerospike/aerospike-client-go/marshal.go:72.45,74.4 1 17
github.com/aerospike/aerospike-client-go/marshal.go:78.38,80.4 1 21
github.com/aerospike/aerospike-client-go/marshal.go:84.16,86.4 1 20
github.com/aerospike/aerospike-client-go/marshal.go:93.47,95.17 2 1111
github.com/aerospike/aerospike-client-go/marshal.go:104.2,104.15 1 315
github.com/aerospike/aerospike-client-go/marshal.go:95.17,99.19 2 796
github.com/aerospike/aerospike-client-go/marshal.go:102.3,102.15 1 398
github.com/aerospike/aerospike-client-go/marshal.go:99.19,101.4 1 398
github.com/aerospike/aerospike-client-go/marshal.go:107.85,108.18 1 411
github.com/aerospike/aerospike-client-go/marshal.go:113.2,119.33 5 411
github.com/aerospike/aerospike-client-go/marshal.go:139.2,139.15 1 411
github.com/aerospike/aerospike-client-go/marshal.go:108.18,110.3 1 0
github.com/aerospike/aerospike-client-go/marshal.go:119.33,121.37 1 1111
github.com/aerospike/aerospike-client-go/marshal.go:125.3,127.20 2 1111
github.com/aerospike/aerospike-client-go/marshal.go:131.3,132.18 2 1111
github.com/aerospike/aerospike-client-go/marshal.go:136.3,136.27 1 713
github.com/aerospike/aerospike-client-go/marshal.go:121.37,122.12 1 0
github.com/aerospike/aerospike-client-go/marshal.go:127.20,129.4 1 411
github.com/aerospike/aerospike-client-go/marshal.go:132.18,133.12 1 398
github.com/aerospike/aerospike-client-go/marshal.go:142.63,153.22 7 398
github.com/aerospike/aerospike-client-go/marshal.go:160.2,160.24 1 398
github.com/aerospike/aerospike-client-go/marshal.go:153.22,158.3 3 472
github.com/aerospike/aerospike-client-go/marshal.go:169.94,175.2 5 6
github.com/aerospike/aerospike-client-go/marshal.go:177.58,183.2 5 813
github.com/aerospike/aerospike-client-go/marshal.go:185.68,186.20 1 331
github.com/aerospike/aerospike-client-go/marshal.go:189.2,193.16 5 331
github.com/aerospike/aerospike-client-go/marshal.go:186.20,188.3 1 0
github.com/aerospike/aerospike-client-go/marshal.go:196.58,202.2 5 2
github.com/aerospike/aerospike-client-go/marshal.go:206.41,208.39 1 813
github.com/aerospike/aerospike-client-go/marshal.go:212.2,212.32 1 6
github.com/aerospike/aerospike-client-go/marshal.go:219.2,224.33 5 6
github.com/aerospike/aerospike-client-go/marshal.go:242.2,242.49 1 6
github.com/aerospike/aerospike-client-go/marshal.go:208.39,210.3 1 807
github.com/aerospike/aerospike-client-go/marshal.go:212.32,213.18 1 2
github.com/aerospike/aerospike-client-go/marshal.go:216.3,216.30 1 2
github.com/aerospike/aerospike-client-go/marshal.go:213.18,215.4 1 0
github.com/aerospike/aerospike-client-go/marshal.go:224.33,227.22 2 158
github.com/aerospike/aerospike-client-go/marshal.go:231.3,232.17 2 158
github.com/aerospike/aerospike-client-go/marshal.go:227.22,228.12 1 0
github.com/aerospike/aerospike-client-go/marshal.go:232.17,233.17 1 155
github.com/aerospike/aerospike-client-go/marshal.go:233.17,236.5 2 3
github.com/aerospike/aerospike-client-go/marshal.go:236.5,238.5 1 152
github.com/aerospike/aerospike-client-go/partition_tokenizer_old.go:34.81,41.16 3 0
github.com/aerospike/aerospike-client-go/partition_tokenizer_old.go:45.2,47.20 3 0
github.com/aerospike/aerospike-client-go/partition_tokenizer_old.go:51.2,53.16 2 0
github.com/aerospike/aerospike-client-go/partition_tokenizer_old.go:41.16,43.3 1 0
github.com/aerospike/aerospike-client-go/partition_tokenizer_old.go:47.20,49.3 1 0
github.com/aerospike/aerospike-client-go/partition_tokenizer_old.go:56.125,60.70 3 0
github.com/aerospike/aerospike-client-go/partition_tokenizer_old.go:86.2,86.12 1 0
github.com/aerospike/aerospike-client-go/partition_tokenizer_old.go:89.2,89.17 1 0
github.com/aerospike/aerospike-client-go/partition_tokenizer_old.go:60.70,61.23 1 0
github.com/aerospike/aerospike-client-go/partition_tokenizer_old.go:67.3,69.14 2 0
github.com/aerospike/aerospike-client-go/partition_tokenizer_old.go:82.3,83.45 2 0
github.com/aerospike/aerospike-client-go/partition_tokenizer_old.go:61.23,62.18 1 0
github.com/aerospike/aerospike-client-go/partition_tokenizer_old.go:65.4,65.9 1 0
github.com/aerospike/aerospike-client-go/partition_tokenizer_old.go:62.18,64.5 1 0
github.com/aerospike/aerospike-client-go/partition_tokenizer_old.go:69.14,70.15 1 0
github.com/aerospike/aerospike-client-go/partition_tokenizer_old.go:79.4,80.41 2 0
github.com/aerospike/aerospike-client-go/partition_tokenizer_old.go:70.15,73.28 2 0
github.com/aerospike/aerospike-client-go/partition_tokenizer_old.go:76.5,76.18 1 0
github.com/aerospike/aerospike-client-go/partition_tokenizer_old.go:73.28,75.6 1 0
github.com/aerospike/aerospike-client-go/partition_tokenizer_old.go:86.12,88.3 1 0
github.com/aerospike/aerospike-client-go/partition_tokenizer_old.go:92.64,95.28 2 0
github.com/aerospike/aerospike-client-go/partition_tokenizer_old.go:144.2,144.17 1 0
github.com/aerospike/aerospike-client-go/partition_tokenizer_old.go:95.28,96.34 1 0
github.com/aerospike/aerospike-client-go/partition_tokenizer_old.go:142.3,142.14 1 0
github.com/aerospike/aerospike-client-go/partition_tokenizer_old.go:96.34,100.51 2 0
github.com/aerospike/aerospike-client-go/partition_tokenizer_old.go:106.4,110.30 3 0
github.com/aerospike/aerospike-client-go/partition_tokenizer_old.go:119.4,119.26 1 0
github.com/aerospike/aerospike-client-go/partition_tokenizer_old.go:125.4,126.18 2 0
github.com/aerospike/aerospike-client-go/partition_tokenizer_old.go:130.4,130.53 1 0
github.com/aerospike/aerospike-client-go/partition_tokenizer_old.go:137.4,140.52 3 0
github.com/aerospike/aerospike-client-go/partition_tokenizer_old.go:100.51,104.5 2 0
github.com/aerospike/aerospike-client-go/partition_tokenizer_old.go:110.30,113.30 2 0
github.com/aerospike/aerospike-client-go/partition_tokenizer_old.go:116.5,116.16 1 0
github.com/aerospike/aerospike-client-go/partition_tokenizer_old.go:113.30,114.11 1 0
github.com/aerospike/aerospike-client-go/partition_tokenizer_old.go:119.26,123.5 2 0
github.com/aerospike/aerospike-client-go/partition_tokenizer_old.go:126.18,128.5 1 0
github.com/aerospike/aerospike-client-go/partition_tokenizer_old.go:130.53,135.5 3 0
github.com/aerospike/aerospike-client-go/partition_tokenizer_old.go:147.64,149.21 2 0
github.com/aerospike/aerospike-client-go/partition_tokenizer_old.go:152.2,152.32 1 0
github.com/aerospike/aerospike-client-go/partition_tokenizer_old.go:149.21,151.3 1 0
github.com/aerospike/aerospike-client-go/read_header_command.go:29.89,36.2 2 1
github.com/aerospike/aerospike-client-go/read_header_command.go:38.61,40.2 1 1
github.com/aerospike/aerospike-client-go/read_header_command.go:42.62,44.2 1 1
github.com/aerospike/aerospike-client-go/read_header_command.go:46.80,48.82 1 1
github.com/aerospike/aerospike-client-go/read_header_command.go:52.2,54.21 2 1
github.com/aerospike/aerospike-client-go/read_header_command.go:65.2,65.46 1 1
github.com/aerospike/aerospike-client-go/read_header_command.go:68.2,68.12 1 1
github.com/aerospike/aerospike-client-go/read_header_command.go:48.82,50.3 1 0
github.com/aerospike/aerospike-client-go/read_header_command.go:54.21,58.3 3 1
github.com/aerospike/aerospike-client-go/read_header_command.go:58.3,59.52 1 0
github.com/aerospike/aerospike-client-go/read_header_command.go:59.52,61.4 1 0
github.com/aerospike/aerospike-client-go/read_header_command.go:61.4,63.4 1 0
github.com/aerospike/aerospike-client-go/read_header_command.go:65.46,67.3 1 0
github.com/aerospike/aerospike-client-go/read_header_command.go:71.51,73.2 1 1
github.com/aerospike/aerospike-client-go/read_header_command.go:75.47,77.2 1 1
github.com/aerospike/aerospike-client-go/unpacker.go:31.67,37.2 1 8021
github.com/aerospike/aerospike-client-go/unpacker.go:39.60,40.23 1 3194
github.com/aerospike/aerospike-client-go/unpacker.go:44.2,48.30 4 3194
github.com/aerospike/aerospike-client-go/unpacker.go:60.2,60.32 1 3194
github.com/aerospike/aerospike-client-go/unpacker.go:40.23,42.3 1 0
github.com/aerospike/aerospike-client-go/unpacker.go:48.30,50.3 1 3189
github.com/aerospike/aerospike-client-go/unpacker.go:50.3,50.28 1 5
github.com/aerospike/aerospike-client-go/unpacker.go:50.28,53.3 2 5
github.com/aerospike/aerospike-client-go/unpacker.go:53.3,53.28 1 0
github.com/aerospike/aerospike-client-go/unpacker.go:53.28,56.3 2 0
github.com/aerospike/aerospike-client-go/unpacker.go:56.3,58.3 1 0
github.com/aerospike/aerospike-client-go/unpacker.go:63.69,66.29 2 4267
github.com/aerospike/aerospike-client-go/unpacker.go:73.2,73.17 1 4267
github.com/aerospike/aerospike-client-go/unpacker.go:66.29,68.17 2 29377
github.com/aerospike/aerospike-client-go/unpacker.go:71.3,71.25 1 29377
github.com/aerospike/aerospike-client-go/unpacker.go:68.17,70.4 1 0
github.com/aerospike/aerospike-client-go/unpacker.go:76.73,77.23 1 3773
github.com/aerospike/aerospike-client-go/unpacker.go:81.2,85.30 4 3773
github.com/aerospike/aerospike-client-go/unpacker.go:96.2,96.31 1 3773
github.com/aerospike/aerospike-client-go/unpacker.go:77.23,79.3 1 0
github.com/aerospike/aerospike-client-go/unpacker.go:85.30,87.3 1 3767
github.com/aerospike/aerospike-client-go/unpacker.go:87.3,87.28 1 6
github.com/aerospike/aerospike-client-go/unpacker.go:87.28,90.3 2 6
github.com/aerospike/aerospike-client-go/unpacker.go:90.3,90.28 1 0
github.com/aerospike/aerospike-client-go/unpacker.go:90.28,93.3 2 0
github.com/aerospike/aerospike-client-go/unpacker.go:93.3,95.3 1 0
github.com/aerospike/aerospike-client-go/unpacker.go:99.82,102.29 2 3813
github.com/aerospike/aerospike-client-go/unpacker.go:113.2,113.17 1 3813
github.com/aerospike/aerospike-client-go/unpacker.go:102.29,104.17 2 13868
github.com/aerospike/aerospike-client-go/unpacker.go:107.3,108.17 2 13868
github.com/aerospike/aerospike-client-go/unpacker.go:111.3,111.17 1 13868
github.com/aerospike/aerospike-client-go/unpacker.go:104.17,106.4 1 0
github.com/aerospike/aerospike-client-go/unpacker.go:108.17,110.4 1 0
github.com/aerospike/aerospike-client-go/unpacker.go:116.61,117.23 1 1000
github.com/aerospike/aerospike-client-go/unpacker.go:121.2,121.29 1 1000
github.com/aerospike/aerospike-client-go/unpacker.go:117.23,119.3 1 0
github.com/aerospike/aerospike-client-go/unpacker.go:124.67,130.17 5 23200
github.com/aerospike/aerospike-client-go/unpacker.go:141.2,143.17 2 23200
github.com/aerospike/aerospike-client-go/unpacker.go:131.2,132.64 1 23192
github.com/aerospike/aerospike-client-go/unpacker.go:134.2,137.10 3 8
github.com/aerospike/aerospike-client-go/unpacker.go:138.2,139.140 1 0
github.com/aerospike/aerospike-client-go/unpacker.go:146.60,150.17 3 58167
github.com/aerospike/aerospike-client-go/unpacker.go:270.2,270.48 1 0
github.com/aerospike/aerospike-client-go/unpacker.go:151.2,152.18 1 207
github.com/aerospike/aerospike-client-go/unpacker.go:154.2,155.19 1 24
github.com/aerospike/aerospike-client-go/unpacker.go:157.2,158.20 1 23
github.com/aerospike/aerospike-client-go/unpacker.go:160.2,163.18 3 45
github.com/aerospike/aerospike-client-go/unpacker.go:165.2,168.18 3 77
github.com/aerospike/aerospike-client-go/unpacker.go:170.2,174.21 3 11
github.com/aerospike/aerospike-client-go/unpacker.go:176.2,179.23 3 238
github.com/aerospike/aerospike-client-go/unpacker.go:181.2,185.24 3 38
github.com/aerospike/aerospike-client-go/unpacker.go:188.3,188.25 1 0
github.com/aerospike/aerospike-client-go/unpacker.go:190.2,193.26 3 58
github.com/aerospike/aerospike-client-go/unpacker.go:195.2,198.21 3 16
github.com/aerospike/aerospike-client-go/unpacker.go:200.2,203.23 3 16
github.com/aerospike/aerospike-client-go/unpacker.go:205.2,208.23 3 17
github.com/aerospike/aerospike-client-go/unpacker.go:210.2,213.24 3 139
github.com/aerospike/aerospike-client-go/unpacker.go:216.3,216.25 1 0
github.com/aerospike/aerospike-client-go/unpacker.go:218.2,221.33 3 28
github.com/aerospike/aerospike-client-go/unpacker.go:223.2,226.33 3 2
github.com/aerospike/aerospike-client-go/unpacker.go:228.2,231.33 3 1
github.com/aerospike/aerospike-client-go/unpacker.go:233.2,236.33 3 0
github.com/aerospike/aerospike-client-go/unpacker.go:238.2,241.32 3 4
github.com/aerospike/aerospike-client-go/unpacker.go:243.2,246.32 3 0
github.com/aerospike/aerospike-client-go/unpacker.go:248.2,249.31 1 57223
github.com/aerospike/aerospike-client-go/unpacker.go:253.3,253.31 1 34053
github.com/aerospike/aerospike-client-go/unpacker.go:257.3,257.31 1 34017
github.com/aerospike/aerospike-client-go/unpacker.go:261.3,261.21 1 32945
github.com/aerospike/aerospike-client-go/unpacker.go:265.3,265.22 1 523
github.com/aerospike/aerospike-client-go/unpacker.go:185.24,187.4 1 38
github.com/aerospike/aerospike-client-go/unpacker.go:213.24,215.4 1 139
github.com/aerospike/aerospike-client-go/unpacker.go:249.31,251.4 1 23170
github.com/aerospike/aerospike-client-go/unpacker.go:253.31,255.4 1 36
github.com/aerospike/aerospike-client-go/unpacker.go:257.31,259.4 1 1072
github.com/aerospike/aerospike-client-go/unpacker.go:261.21,263.4 1 32422
github.com/aerospike/aerospike-client-go/unpacker.go:265.22,267.4 1 523
github.com/aerospike/aerospike-client-go/write_command.go:34.41,44.2 2 34215
github.com/aerospike/aerospike-client-go/write_command.go:46.56,48.2 1 34215
github.com/aerospike/aerospike-client-go/write_command.go:50.57,52.2 1 34215
github.com/aerospike/aerospike-client-go/write_command.go:54.75,56.82 1 34215
github.com/aerospike/aerospike-client-go/write_command.go:60.2,62.21 2 34215
github.com/aerospike/aerospike-client-go/write_command.go:65.2,65.46 1 34215
github.com/aerospike/aerospike-client-go/write_command.go:68.2,68.12 1 34215
github.com/aerospike/aerospike-client-go/write_command.go:56.82,58.3 1 0
github.com/aerospike/aerospike-client-go/write_command.go:62.21,64.3 1 0
github.com/aerospike/aerospike-client-go/write_command.go:65.46,67.3 1 0
github.com/aerospike/aerospike-client-go/write_command.go:71.42,73.2 1 34215
github.com/aerospike/aerospike-client-go/index_collection_type.go:38.50,39.13 1 21
github.com/aerospike/aerospike-client-go/index_collection_type.go:41.2,42.16 1 7
github.com/aerospike/aerospike-client-go/index_collection_type.go:44.2,45.19 1 7
github.com/aerospike/aerospike-client-go/index_collection_type.go:47.2,48.21 1 7
github.com/aerospike/aerospike-client-go/index_collection_type.go:50.2,51.66 1 0
github.com/aerospike/aerospike-client-go/client_policy.go:65.38,74.2 1 24
github.com/aerospike/aerospike-client-go/client_policy.go:77.55,79.2 1 96
github.com/aerospike/aerospike-client-go/cluster.go:65.72,80.37 3 95
github.com/aerospike/aerospike-client-go/cluster.go:88.2,91.60 2 95
github.com/aerospike/aerospike-client-go/cluster.go:96.2,100.24 4 95
github.com/aerospike/aerospike-client-go/cluster.go:80.37,82.75 2 0
github.com/aerospike/aerospike-client-go/cluster.go:82.75,84.4 1 0
github.com/aerospike/aerospike-client-go/cluster.go:91.60,93.3 1 0
github.com/aerospike/aerospike-client-go/cluster.go:105.57,109.41 3 95
github.com/aerospike/aerospike-client-go/cluster.go:113.1,114.6 1 95
github.com/aerospike/aerospike-client-go/cluster.go:127.2,131.33 3 5
github.com/aerospike/aerospike-client-go/cluster.go:109.41,111.3 1 0
github.com/aerospike/aerospike-client-go/cluster.go:114.6,115.10 1 4307
github.com/aerospike/aerospike-client-go/cluster.go:116.3,118.14 1 5
github.com/aerospike/aerospike-client-go/cluster.go:119.3,120.39 1 4212
github.com/aerospike/aerospike-client-go/cluster.go:120.39,122.5 1 0
github.com/aerospike/aerospike-client-go/cluster.go:131.33,133.3 1 5
github.com/aerospike/aerospike-client-go/cluster.go:138.47,142.2 3 0
github.com/aerospike/aerospike-client-go/cluster.go:144.42,149.2 4 95
github.com/aerospike/aerospike-client-go/cluster.go:152.36,157.21 2 4402
github.com/aerospike/aerospike-client-go/cluster.go:166.2,171.29 4 4402
github.com/aerospike/aerospike-client-go/cluster.go:191.2,191.19 1 4402
github.com/aerospike/aerospike-client-go/cluster.go:195.2,198.67 2 4402
github.com/aerospike/aerospike-client-go/cluster.go:205.2,205.78 1 4402
github.com/aerospike/aerospike-client-go/cluster.go:209.2,210.12 2 4402
github.com/aerospike/aerospike-client-go/cluster.go:157.21,163.3 3 95
github.com/aerospike/aerospike-client-go/cluster.go:171.29,178.22 4 4402
github.com/aerospike/aerospike-client-go/cluster.go:178.22,179.50 1 4402
github.com/aerospike/aerospike-client-go/cluster.go:179.50,181.5 1 0
github.com/aerospike/aerospike-client-go/cluster.go:181.5,183.23 2 4402
github.com/aerospike/aerospike-client-go/cluster.go:183.23,185.6 1 0
github.com/aerospike/aerospike-client-go/cluster.go:191.19,193.3 1 0
github.com/aerospike/aerospike-client-go/cluster.go:198.67,200.3 1 0
github.com/aerospike/aerospike-client-go/cluster.go:205.78,207.3 1 0
github.com/aerospike/aerospike-client-go/cluster.go:220.44,226.12 3 95
github.com/aerospike/aerospike-client-go/cluster.go:246.2,247.9 2 95
github.com/aerospike/aerospike-client-go/cluster.go:226.12,227.7 1 95
github.com/aerospike/aerospike-client-go/cluster.go:242.3,242.17 1 95
github.com/aerospike/aerospike-client-go/cluster.go:227.7,228.39 1 190
github.com/aerospike/aerospike-client-go/cluster.go:234.4,234.38 1 190
github.com/aerospike/aerospike-client-go/cluster.go:238.4,240.33 2 95
github.com/aerospike/aerospike-client-go/cluster.go:228.39,230.5 1 0
github.com/aerospike/aerospike-client-go/cluster.go:234.38,235.10 1 95
github.com/aerospike/aerospike-client-go/cluster.go:248.2,249.9 1 0
github.com/aerospike/aerospike-client-go/cluster.go:250.2,251.9 1 95
github.com/aerospike/aerospike-client-go/cluster.go:255.52,260.2 4 0
github.com/aerospike/aerospike-client-go/cluster.go:262.70,266.2 3 95
github.com/aerospike/aerospike-client-go/cluster.go:268.63,273.2 4 53557
github.com/aerospike/aerospike-client-go/cluster.go:275.76,279.21 2 95
github.com/aerospike/aerospike-client-go/cluster.go:302.2,302.17 1 95
github.com/aerospike/aerospike-client-go/cluster.go:306.2,307.12 2 95
github.com/aerospike/aerospike-client-go/cluster.go:279.21,282.17 3 95
github.com/aerospike/aerospike-client-go/cluster.go:285.3,286.17 2 95
github.com/aerospike/aerospike-client-go/cluster.go:282.17,284.4 1 0
github.com/aerospike/aerospike-client-go/cluster.go:286.17,288.4 1 0
github.com/aerospike/aerospike-client-go/cluster.go:289.3,292.17 3 0
github.com/aerospike/aerospike-client-go/cluster.go:295.3,296.17 2 0
github.com/aerospike/aerospike-client-go/cluster.go:292.17,294.4 1 0
github.com/aerospike/aerospike-client-go/cluster.go:296.17,298.4 1 0
github.com/aerospike/aerospike-client-go/cluster.go:302.17,304.3 1 95
github.com/aerospike/aerospike-client-go/cluster.go:311.35,320.33 4 95
github.com/aerospike/aerospike-client-go/cluster.go:349.2,349.19 1 95
github.com/aerospike/aerospike-client-go/cluster.go:320.33,322.17 2 95
github.com/aerospike/aerospike-client-go/cluster.go:327.3,329.51 2 95
github.com/aerospike/aerospike-client-go/cluster.go:322.17,324.12 2 0
github.com/aerospike/aerospike-client-go/cluster.go:329.51,331.23 1 95
github.com/aerospike/aerospike-client-go/cluster.go:341.4,341.42 1 95
github.com/aerospike/aerospike-client-go/cluster.go:331.23,333.5 1 0
github.com/aerospike/aerospike-client-go/cluster.go:333.5,335.19 2 95
github.com/aerospike/aerospike-client-go/cluster.go:335.19,337.14 2 0
github.com/aerospike/aerospike-client-go/cluster.go:341.42,345.5 3 95
github.com/aerospike/aerospike-client-go/cluster.go:349.19,351.3 1 95
github.com/aerospike/aerospike-client-go/cluster.go:355.68,356.28 1 95
github.com/aerospike/aerospike-client-go/cluster.go:361.2,361.14 1 95
github.com/aerospike/aerospike-client-go/cluster.go:356.28,357.29 1 0
github.com/aerospike/aerospike-client-go/cluster.go:357.29,359.4 1 0
github.com/aerospike/aerospike-client-go/cluster.go:364.56,365.32 1 0
github.com/aerospike/aerospike-client-go/cluster.go:365.32,369.3 3 0
github.com/aerospike/aerospike-client-go/cluster.go:372.48,373.18 1 0
github.com/aerospike/aerospike-client-go/cluster.go:373.18,377.3 3 0
github.com/aerospike/aerospike-client-go/cluster.go:380.61,383.29 2 4402
github.com/aerospike/aerospike-client-go/cluster.go:412.2,412.13 1 4402
github.com/aerospike/aerospike-client-go/cluster.go:383.29,384.87 1 0
github.com/aerospike/aerospike-client-go/cluster.go:384.87,386.4 1 0
github.com/aerospike/aerospike-client-go/cluster.go:386.4,389.19 2 0
github.com/aerospike/aerospike-client-go/cluster.go:398.4,398.19 1 0
github.com/aerospike/aerospike-client-go/cluster.go:408.4,409.29 2 0
github.com/aerospike/aerospike-client-go/cluster.go:389.19,390.28 1 0
github.com/aerospike/aerospike-client-go/cluster.go:390.28,391.32 1 0
github.com/aerospike/aerospike-client-go/cluster.go:391.32,393.12 2 0
github.com/aerospike/aerospike-client-go/cluster.go:398.19,406.13 4 0
github.com/aerospike/aerospike-client-go/cluster.go:415.59,417.2 1 95
github.com/aerospike/aerospike-client-go/cluster.go:419.67,424.29 3 4402
github.com/aerospike/aerospike-client-go/cluster.go:464.2,464.19 1 4402
github.com/aerospike/aerospike-client-go/cluster.go:424.29,425.23 1 4402
github.com/aerospike/aerospike-client-go/cluster.go:431.3,431.21 1 4402
github.com/aerospike/aerospike-client-go/cluster.go:425.23,428.12 2 0
github.com/aerospike/aerospike-client-go/cluster.go:432.3,434.26 1 4402
github.com/aerospike/aerospike-client-go/cluster.go:438.3,440.115 1 0
github.com/aerospike/aerospike-client-go/cluster.go:445.3,447.59 1 0
github.com/aerospike/aerospike-client-go/cluster.go:434.26,436.5 1 0
github.com/aerospike/aerospike-client-go/cluster.go:440.115,443.5 1 0
github.com/aerospike/aerospike-client-go/cluster.go:447.59,450.29 1 0
github.com/aerospike/aerospike-client-go/cluster.go:450.29,452.45 1 0
github.com/aerospike/aerospike-client-go/cluster.go:452.45,456.7 1 0
github.com/aerospike/aerospike-client-go/cluster.go:457.6,460.6 1 0
github.com/aerospike/aerospike-client-go/cluster.go:467.65,470.28 2 0
github.com/aerospike/aerospike-client-go/cluster.go:481.2,481.14 1 0
github.com/aerospike/aerospike-client-go/cluster.go:470.28,473.28 2 0
github.com/aerospike/aerospike-client-go/cluster.go:473.28,476.22 2 0
github.com/aerospike/aerospike-client-go/cluster.go:476.22,478.5 1 0
github.com/aerospike/aerospike-client-go/cluster.go:484.52,486.34 1 0
github.com/aerospike/aerospike-client-go/cluster.go:489.2,489.32 1 0
github.com/aerospike/aerospike-client-go/cluster.go:486.34,488.3 1 0
github.com/aerospike/aerospike-client-go/cluster.go:492.46,495.42 1 95
github.com/aerospike/aerospike-client-go/cluster.go:495.42,497.3 1 95
github.com/aerospike/aerospike-client-go/cluster.go:500.56,504.2 3 95
github.com/aerospike/aerospike-client-go/cluster.go:506.58,512.37 1 0
github.com/aerospike/aerospike-client-go/cluster.go:523.2,523.38 1 0
github.com/aerospike/aerospike-client-go/cluster.go:512.37,515.43 1 0
github.com/aerospike/aerospike-client-go/cluster.go:519.3,519.18 1 0
github.com/aerospike/aerospike-client-go/cluster.go:515.43,518.4 2 0
github.com/aerospike/aerospike-client-go/cluster.go:526.47,531.2 3 0
github.com/aerospike/aerospike-client-go/cluster.go:533.62,543.29 4 0
github.com/aerospike/aerospike-client-go/cluster.go:552.2,552.27 1 0
github.com/aerospike/aerospike-client-go/cluster.go:543.29,544.44 1 0
github.com/aerospike/aerospike-client-go/cluster.go:544.44,546.4 1 0
github.com/aerospike/aerospike-client-go/cluster.go:546.4,549.4 2 0
github.com/aerospike/aerospike-client-go/cluster.go:555.71,556.32 1 0
github.com/aerospike/aerospike-client-go/cluster.go:561.2,561.14 1 0
github.com/aerospike/aerospike-client-go/cluster.go:556.32,557.26 1 0
github.com/aerospike/aerospike-client-go/cluster.go:557.26,559.4 1 0
github.com/aerospike/aerospike-client-go/cluster.go:565.42,569.2 2 97
github.com/aerospike/aerospike-client-go/cluster.go:572.68,575.60 2 53462
github.com/aerospike/aerospike-client-go/cluster.go:582.2,582.30 1 0
github.com/aerospike/aerospike-client-go/cluster.go:575.60,578.51 2 53462
github.com/aerospike/aerospike-client-go/cluster.go:578.51,580.4 1 53462
github.com/aerospike/aerospike-client-go/cluster.go:586.54,590.30 3 65
github.com/aerospike/aerospike-client-go/cluster.go:600.2,600.51 1 0
github.com/aerospike/aerospike-client-go/cluster.go:590.30,595.22 3 65
github.com/aerospike/aerospike-client-go/cluster.go:595.22,598.4 1 65
github.com/aerospike/aerospike-client-go/cluster.go:604.42,610.2 4 13857
github.com/aerospike/aerospike-client-go/cluster.go:614.69,617.17 2 0
github.com/aerospike/aerospike-client-go/cluster.go:620.2,620.18 1 0
github.com/aerospike/aerospike-client-go/cluster.go:617.17,619.3 1 0
github.com/aerospike/aerospike-client-go/cluster.go:623.61,627.33 2 0
github.com/aerospike/aerospike-client-go/cluster.go:632.2,632.12 1 0
github.com/aerospike/aerospike-client-go/cluster.go:627.33,628.33 1 0
github.com/aerospike/aerospike-client-go/cluster.go:628.33,630.4 1 0
github.com/aerospike/aerospike-client-go/cluster.go:637.31,638.25 1 5
github.com/aerospike/aerospike-client-go/cluster.go:638.25,644.3 2 5
github.com/aerospike/aerospike-client-go/cluster.go:649.88,650.18 1 4
github.com/aerospike/aerospike-client-go/cluster.go:654.2,656.12 2 4
github.com/aerospike/aerospike-client-go/cluster.go:672.2,673.6 2 4
github.com/aerospike/aerospike-client-go/cluster.go:650.18,652.3 1 0
github.com/aerospike/aerospike-client-go/cluster.go:656.12,659.30 2 4
github.com/aerospike/aerospike-client-go/cluster.go:668.3,669.16 2 4
github.com/aerospike/aerospike-client-go/cluster.go:659.30,660.23 1 4
github.com/aerospike/aerospike-client-go/cluster.go:660.23,661.65 1 4
github.com/aerospike/aerospike-client-go/cluster.go:661.65,664.6 2 0
github.com/aerospike/aerospike-client-go/cluster.go:673.6,674.10 1 4
github.com/aerospike/aerospike-client-go/cluster.go:675.3,676.44 1 0
github.com/aerospike/aerospike-client-go/cluster.go:677.3,678.19 1 4
github.com/aerospike/aerospike-client-go/cluster.go:685.88,686.18 1 4
github.com/aerospike/aerospike-client-go/cluster.go:689.2,691.12 2 4
github.com/aerospike/aerospike-client-go/cluster.go:702.2,703.9 2 4
github.com/aerospike/aerospike-client-go/cluster.go:686.18,688.3 1 4
github.com/aerospike/aerospike-client-go/cluster.go:691.12,694.7 1 4
github.com/aerospike/aerospike-client-go/cluster.go:694.7,695.74 1 4
github.com/aerospike/aerospike-client-go/cluster.go:695.74,698.5 2 4
github.com/aerospike/aerospike-client-go/cluster.go:704.2,705.36 1 0
github.com/aerospike/aerospike-client-go/cluster.go:706.2,707.13 1 4
github.com/aerospike/aerospike-client-go/cluster.go:712.47,718.2 4 633
github.com/aerospike/aerospike-client-go/cluster.go:720.81,722.24 1 0
github.com/aerospike/aerospike-client-go/cluster.go:722.24,727.3 4 0
github.com/aerospike/aerospike-client-go/cluster.go:731.57,737.2 4 0
github.com/aerospike/aerospike-client-go/admin_policy.go:28.36,32.2 1 95
github.com/aerospike/aerospike-client-go/large_set.go:23.110,27.2 1 2
github.com/aerospike/aerospike-client-go/large_set.go:31.54,33.22 2 101
github.com/aerospike/aerospike-client-go/large_set.go:39.2,39.12 1 101
github.com/aerospike/aerospike-client-go/large_set.go:33.22,35.3 1 101
github.com/aerospike/aerospike-client-go/large_set.go:35.3,37.3 1 0
github.com/aerospike/aerospike-client-go/large_set.go:43.53,46.2 2 100
github.com/aerospike/aerospike-client-go/large_set.go:49.65,51.2 1 200
github.com/aerospike/aerospike-client-go/large_set.go:54.61,56.16 2 200
github.com/aerospike/aerospike-client-go/large_set.go:59.2,59.24 1 200
github.com/aerospike/aerospike-client-go/large_set.go:56.16,58.3 1 0
github.com/aerospike/aerospike-client-go/large_set.go:63.51,65.2 1 2
github.com/aerospike/aerospike-client-go/large_set.go:68.97,70.16 2 0
github.com/aerospike/aerospike-client-go/large_set.go:74.2,74.16 1 0
github.com/aerospike/aerospike-client-go/large_set.go:78.2,78.16 1 0
github.com/aerospike/aerospike-client-go/large_set.go:81.2,81.33 1 0
github.com/aerospike/aerospike-client-go/large_set.go:70.16,72.3 1 0
github.com/aerospike/aerospike-client-go/large_set.go:74.16,76.3 1 0
github.com/aerospike/aerospike-client-go/large_set.go:78.16,80.3 1 0
github.com/aerospike/aerospike-client-go/large_set.go:85.37,87.2 1 1
github.com/aerospike/aerospike-client-go/large_set.go:90.41,92.2 1 101
github.com/aerospike/aerospike-client-go/large_set.go:95.70,97.2 1 1
github.com/aerospike/aerospike-client-go/packer.go:33.50,35.51 2 8366
github.com/aerospike/aerospike-client-go/packer.go:38.2,38.35 1 8366
github.com/aerospike/aerospike-client-go/packer.go:35.51,37.3 1 0
github.com/aerospike/aerospike-client-go/packer.go:41.54,43.45 2 24
github.com/aerospike/aerospike-client-go/packer.go:46.2,46.35 1 24
github.com/aerospike/aerospike-client-go/packer.go:43.45,45.3 1 0
github.com/aerospike/aerospike-client-go/packer.go:49.66,51.44 2 10
github.com/aerospike/aerospike-client-go/packer.go:54.2,54.35 1 10
github.com/aerospike/aerospike-client-go/packer.go:51.44,53.3 1 0
github.com/aerospike/aerospike-client-go/packer.go:59.26,65.2 2 8870
github.com/aerospike/aerospike-client-go/packer.go:67.58,69.24 2 10571
github.com/aerospike/aerospike-client-go/packer.go:74.2,74.12 1 10571
github.com/aerospike/aerospike-client-go/packer.go:69.24,70.46 1 50801
github.com/aerospike/aerospike-client-go/packer.go:70.46,72.4 1 0
github.com/aerospike/aerospike-client-go/packer.go:77.56,79.22 2 53
github.com/aerospike/aerospike-client-go/packer.go:84.2,84.12 1 53
github.com/aerospike/aerospike-client-go/packer.go:79.22,80.50 1 197
github.com/aerospike/aerospike-client-go/packer.go:80.50,82.4 1 0
github.com/aerospike/aerospike-client-go/packer.go:87.46,88.15 1 10937
github.com/aerospike/aerospike-client-go/packer.go:88.15,90.3 1 10935
github.com/aerospike/aerospike-client-go/packer.go:90.3,90.35 1 2
github.com/aerospike/aerospike-client-go/packer.go:90.35,92.3 1 2
github.com/aerospike/aerospike-client-go/packer.go:92.3,94.3 1 0
github.com/aerospike/aerospike-client-go/packer.go:97.71,99.27 2 37
github.com/aerospike/aerospike-client-go/packer.go:107.2,107.12 1 37
github.com/aerospike/aerospike-client-go/packer.go:99.27,100.44 1 440
github.com/aerospike/aerospike-client-go/packer.go:103.3,103.44 1 440
github.com/aerospike/aerospike-client-go/packer.go:100.44,102.4 1 0
github.com/aerospike/aerospike-client-go/packer.go:103.44,105.4 1 0
github.com/aerospike/aerospike-client-go/packer.go:110.44,111.15 1 37
github.com/aerospike/aerospike-client-go/packer.go:111.15,113.3 1 31
github.com/aerospike/aerospike-client-go/packer.go:113.3,113.35 1 6
github.com/aerospike/aerospike-client-go/packer.go:113.35,115.3 1 6
github.com/aerospike/aerospike-client-go/packer.go:115.3,117.3 1 0
github.com/aerospike/aerospike-client-go/packer.go:120.41,124.2 3 5
github.com/aerospike/aerospike-client-go/packer.go:126.52,127.17 1 6494
github.com/aerospike/aerospike-client-go/packer.go:127.17,129.3 1 6483
github.com/aerospike/aerospike-client-go/packer.go:129.3,129.27 1 11
github.com/aerospike/aerospike-client-go/packer.go:129.27,131.3 1 10
github.com/aerospike/aerospike-client-go/packer.go:131.3,133.3 1 1
github.com/aerospike/aerospike-client-go/packer.go:136.55,137.25 1 1164
github.com/aerospike/aerospike-client-go/packer.go:208.2,209.36 2 72
github.com/aerospike/aerospike-client-go/packer.go:236.2,236.77 1 0
github.com/aerospike/aerospike-client-go/packer.go:138.2,139.22 1 0
github.com/aerospike/aerospike-client-go/packer.go:140.2,142.13 2 343
github.com/aerospike/aerospike-client-go/packer.go:143.2,145.13 2 5
github.com/aerospike/aerospike-client-go/packer.go:146.2,148.13 2 29
github.com/aerospike/aerospike-client-go/packer.go:149.2,151.13 2 9
github.com/aerospike/aerospike-client-go/packer.go:152.2,154.13 2 23
github.com/aerospike/aerospike-client-go/packer.go:155.2,157.13 2 19
github.com/aerospike/aerospike-client-go/packer.go:158.2,160.13 2 26
github.com/aerospike/aerospike-client-go/packer.go:161.2,163.13 2 19
github.com/aerospike/aerospike-client-go/packer.go:164.2,165.24 1 298
github.com/aerospike/aerospike-client-go/packer.go:169.3,170.13 2 298
github.com/aerospike/aerospike-client-go/packer.go:171.2,172.24 1 0
github.com/aerospike/aerospike-client-go/packer.go:176.3,176.29 1 0
github.com/aerospike/aerospike-client-go/packer.go:177.2,179.13 2 63
github.com/aerospike/aerospike-client-go/packer.go:180.2,182.13 2 28
github.com/aerospike/aerospike-client-go/packer.go:183.2,185.13 2 0
github.com/aerospike/aerospike-client-go/packer.go:186.2,188.13 2 156
github.com/aerospike/aerospike-client-go/packer.go:189.2,191.13 2 15
github.com/aerospike/aerospike-client-go/packer.go:192.2,194.13 2 13
github.com/aerospike/aerospike-client-go/packer.go:195.2,197.13 2 29
github.com/aerospike/aerospike-client-go/packer.go:198.2,200.13 2 0
github.com/aerospike/aerospike-client-go/packer.go:201.2,202.44 1 11
github.com/aerospike/aerospike-client-go/packer.go:203.2,204.57 1 6
github.com/aerospike/aerospike-client-go/packer.go:165.24,168.4 2 0
github.com/aerospike/aerospike-client-go/packer.go:172.24,175.4 2 0
github.com/aerospike/aerospike-client-go/packer.go:210.2,213.26 3 18
github.com/aerospike/aerospike-client-go/packer.go:216.3,216.28 1 18
github.com/aerospike/aerospike-client-go/packer.go:217.2,220.34 3 21
github.com/aerospike/aerospike-client-go/packer.go:223.3,223.28 1 21
github.com/aerospike/aerospike-client-go/packer.go:224.2,225.35 1 15
github.com/aerospike/aerospike-client-go/packer.go:226.2,227.36 1 15
github.com/aerospike/aerospike-client-go/packer.go:228.2,229.36 1 0
github.com/aerospike/aerospike-client-go/packer.go:230.2,231.38 1 3
github.com/aerospike/aerospike-client-go/packer.go:232.2,233.37 1 0
github.com/aerospike/aerospike-client-go/packer.go:213.26,215.4 1 32
github.com/aerospike/aerospike-client-go/packer.go:220.34,222.4 1 175
github.com/aerospike/aerospike-client-go/packer.go:239.44,241.2 1 28
github.com/aerospike/aerospike-client-go/packer.go:243.42,244.14 1 42747
github.com/aerospike/aerospike-client-go/packer.go:244.14,245.16 1 42718
github.com/aerospike/aerospike-client-go/packer.go:250.3,250.27 1 852
github.com/aerospike/aerospike-client-go/packer.go:255.3,255.28 1 843
github.com/aerospike/aerospike-client-go/packer.go:260.3,260.28 1 342
github.com/aerospike/aerospike-client-go/packer.go:264.3,264.27 1 35
github.com/aerospike/aerospike-client-go/packer.go:245.16,248.4 2 41866
github.com/aerospike/aerospike-client-go/packer.go:250.27,253.4 2 9
github.com/aerospike/aerospike-client-go/packer.go:255.28,258.4 2 501
github.com/aerospike/aerospike-client-go/packer.go:260.28,263.4 2 307
github.com/aerospike/aerospike-client-go/packer.go:265.3,266.17 1 29
github.com/aerospike/aerospike-client-go/packer.go:271.3,271.26 1 25
github.com/aerospike/aerospike-client-go/packer.go:276.3,276.27 1 21
github.com/aerospike/aerospike-client-go/packer.go:281.3,281.27 1 17
github.com/aerospike/aerospike-client-go/packer.go:285.3,285.27 1 13
github.com/aerospike/aerospike-client-go/packer.go:266.17,269.4 2 4
github.com/aerospike/aerospike-client-go/packer.go:271.26,274.4 2 4
github.com/aerospike/aerospike-client-go/packer.go:276.27,279.4 2 4
github.com/aerospike/aerospike-client-go/packer.go:281.27,284.4 2 4
github.com/aerospike/aerospike-client-go/packer.go:289.39,290.14 1 246
github.com/aerospike/aerospike-client-go/packer.go:290.14,291.16 1 228
github.com/aerospike/aerospike-client-go/packer.go:296.3,296.16 1 24
github.com/aerospike/aerospike-client-go/packer.go:301.3,301.18 1 21
github.com/aerospike/aerospike-client-go/packer.go:305.3,305.33 1 11
github.com/aerospike/aerospike-client-go/packer.go:291.16,294.4 2 204
github.com/aerospike/aerospike-client-go/packer.go:296.16,299.4 2 3
github.com/aerospike/aerospike-client-go/packer.go:301.18,304.4 2 10
github.com/aerospike/aerospike-client-go/packer.go:306.3,307.17 1 18
github.com/aerospike/aerospike-client-go/packer.go:312.3,312.26 1 13
github.com/aerospike/aerospike-client-go/packer.go:317.3,317.27 1 9
github.com/aerospike/aerospike-client-go/packer.go:321.3,321.33 1 5
github.com/aerospike/aerospike-client-go/packer.go:307.17,310.4 2 5
github.com/aerospike/aerospike-client-go/packer.go:312.26,315.4 2 4
github.com/aerospike/aerospike-client-go/packer.go:317.27,320.4 2 4
github.com/aerospike/aerospike-client-go/packer.go:329.40,333.2 3 1399
github.com/aerospike/aerospike-client-go/packer.go:335.44,340.2 4 6489
github.com/aerospike/aerospike-client-go/packer.go:342.77,344.2 1 5
github.com/aerospike/aerospike-client-go/packer.go:346.54,350.2 3 48
github.com/aerospike/aerospike-client-go/packer.go:352.43,356.2 3 28
github.com/aerospike/aerospike-client-go/packer.go:358.53,362.2 3 328
github.com/aerospike/aerospike-client-go/packer.go:364.55,368.2 3 537
github.com/aerospike/aerospike-client-go/packer.go:372.45,375.2 2 416
github.com/aerospike/aerospike-client-go/packer.go:377.53,380.2 2 20
github.com/aerospike/aerospike-client-go/packer.go:382.31,384.2 1 461
github.com/aerospike/aerospike-client-go/packer.go:386.40,387.9 1 15
github.com/aerospike/aerospike-client-go/packer.go:387.9,389.3 1 8
github.com/aerospike/aerospike-client-go/packer.go:389.3,391.3 1 7
github.com/aerospike/aerospike-client-go/packer.go:394.46,398.2 3 13
github.com/aerospike/aerospike-client-go/packer.go:400.46,404.2 3 29
github.com/aerospike/aerospike-client-go/packer.go:406.41,408.2 1 59533
github.com/aerospike/aerospike-client-go/partition.go:31.45,40.2 1 53462
github.com/aerospike/aerospike-client-go/partition.go:43.65,48.2 1 0
github.com/aerospike/aerospike-client-go/partition.go:51.39,53.2 1 0
github.com/aerospike/aerospike-client-go/partition.go:56.53,58.2 1 0
github.com/aerospike/aerospike-client-go/statement.go:53.73,61.2 1 28
github.com/aerospike/aerospike-client-go/statement.go:65.56,69.2 2 20
github.com/aerospike/aerospike-client-go/statement.go:74.125,79.2 4 7
github.com/aerospike/aerospike-client-go/statement.go:82.38,84.2 1 4
github.com/aerospike/aerospike-client-go/statement.go:87.36,88.23 1 0
github.com/aerospike/aerospike-client-go/statement.go:88.23,90.3 1 0
github.com/aerospike/aerospike-client-go/admin_command.go:62.38,67.2 1 0
github.com/aerospike/aerospike-client-go/admin_command.go:69.94,72.73 2 0
github.com/aerospike/aerospike-client-go/admin_command.go:76.2,76.68 1 0
github.com/aerospike/aerospike-client-go/admin_command.go:80.2,81.17 2 0
github.com/aerospike/aerospike-client-go/admin_command.go:85.2,87.12 2 0
github.com/aerospike/aerospike-client-go/admin_command.go:72.73,74.3 1 0
github.com/aerospike/aerospike-client-go/admin_command.go:76.68,78.3 1 0
github.com/aerospike/aerospike-client-go/admin_command.go:81.17,83.3 1 0
github.com/aerospike/aerospike-client-go/admin_command.go:90.77,97.2 5 0
github.com/aerospike/aerospike-client-go/admin_command.go:99.129,105.2 5 0
github.com/aerospike/aerospike-client-go/admin_command.go:107.94,111.2 3 0
github.com/aerospike/aerospike-client-go/admin_command.go:113.114,118.2 4 0
github.com/aerospike/aerospike-client-go/admin_command.go:120.117,126.2 5 0
github.com/aerospike/aerospike-client-go/admin_command.go:128.112,133.2 4 0
github.com/aerospike/aerospike-client-go/admin_command.go:135.113,140.2 4 0
github.com/aerospike/aerospike-client-go/admin_command.go:142.109,150.16 6 0
github.com/aerospike/aerospike-client-go/admin_command.go:154.2,154.19 1 0
github.com/aerospike/aerospike-client-go/admin_command.go:158.2,158.17 1 0
github.com/aerospike/aerospike-client-go/admin_command.go:150.16,152.3 1 0
github.com/aerospike/aerospike-client-go/admin_command.go:154.19,156.3 1 0
github.com/aerospike/aerospike-client-go/admin_command.go:161.99,168.16 5 0
github.com/aerospike/aerospike-client-go/admin_command.go:171.2,171.18 1 0
github.com/aerospike/aerospike-client-go/admin_command.go:168.16,170.3 1 0
github.com/aerospike/aerospike-client-go/admin_command.go:174.54,179.29 4 0
github.com/aerospike/aerospike-client-go/admin_command.go:185.2,187.26 3 0
github.com/aerospike/aerospike-client-go/admin_command.go:179.29,183.3 3 0
github.com/aerospike/aerospike-client-go/admin_command.go:190.39,194.2 2 0
github.com/aerospike/aerospike-client-go/admin_command.go:196.69,198.56 1 0
github.com/aerospike/aerospike-client-go/admin_command.go:201.2,203.23 3 0
github.com/aerospike/aerospike-client-go/admin_command.go:198.56,200.3 1 0
github.com/aerospike/aerospike-client-go/admin_command.go:206.62,210.2 3 0
github.com/aerospike/aerospike-client-go/admin_command.go:212.66,216.2 3 0
github.com/aerospike/aerospike-client-go/admin_command.go:218.63,223.2 4 0
github.com/aerospike/aerospike-client-go/admin_command.go:225.87,233.16 5 0
github.com/aerospike/aerospike-client-go/admin_command.go:236.2,237.41 2 0
github.com/aerospike/aerospike-client-go/admin_command.go:241.2,242.16 2 0
github.com/aerospike/aerospike-client-go/admin_command.go:246.2,246.73 1 0
github.com/aerospike/aerospike-client-go/admin_command.go:251.2,251.68 1 0
github.com/aerospike/aerospike-client-go/admin_command.go:256.2,259.17 3 0
github.com/aerospike/aerospike-client-go/admin_command.go:263.2,263.12 1 0
github.com/aerospike/aerospike-client-go/admin_command.go:233.16,235.3 1 0
github.com/aerospike/aerospike-client-go/admin_command.go:237.41,239.3 1 0
github.com/aerospike/aerospike-client-go/admin_command.go:242.16,244.3 1 0
github.com/aerospike/aerospike-client-go/admin_command.go:246.73,249.3 2 0
github.com/aerospike/aerospike-client-go/admin_command.go:251.68,254.3 2 0
github.com/aerospike/aerospike-client-go/admin_command.go:259.17,261.3 1 0
github.com/aerospike/aerospike-client-go/admin_command.go:266.98,269.16 3 0
github.com/aerospike/aerospike-client-go/admin_command.go:272.2,273.41 2 0
github.com/aerospike/aerospike-client-go/admin_command.go:277.2,278.16 2 0
github.com/aerospike/aerospike-client-go/admin_command.go:282.2,282.73 1 0
github.com/aerospike/aerospike-client-go/admin_command.go:287.2,288.16 2 0
github.com/aerospike/aerospike-client-go/admin_command.go:292.2,294.16 2 0
github.com/aerospike/aerospike-client-go/admin_command.go:297.2,297.18 1 0
github.com/aerospike/aerospike-client-go/admin_command.go:269.16,271.3 1 0
github.com/aerospike/aerospike-client-go/admin_command.go:273.41,275.3 1 0
github.com/aerospike/aerospike-client-go/admin_command.go:278.16,280.3 1 0
github.com/aerospike/aerospike-client-go/admin_command.go:282.73,285.3 2 0
github.com/aerospike/aerospike-client-go/admin_command.go:288.16,291.3 2 0
github.com/aerospike/aerospike-client-go/admin_command.go:294.16,296.3 1 0
github.com/aerospike/aerospike-client-go/admin_command.go:300.104,304.18 2 0
github.com/aerospike/aerospike-client-go/admin_command.go:328.2,328.27 1 0
github.com/aerospike/aerospike-client-go/admin_command.go:304.18,305.57 1 0
github.com/aerospike/aerospike-client-go/admin_command.go:309.3,312.22 3 0
github.com/aerospike/aerospike-client-go/admin_command.go:305.57,307.4 1 0
github.com/aerospike/aerospike-client-go/admin_command.go:312.22,313.49 1 0
github.com/aerospike/aerospike-client-go/admin_command.go:316.4,316.73 1 0
github.com/aerospike/aerospike-client-go/admin_command.go:319.4,320.18 2 0
github.com/aerospike/aerospike-client-go/admin_command.go:323.4,323.34 1 0
github.com/aerospike/aerospike-client-go/admin_command.go:313.49,315.5 1 0
github.com/aerospike/aerospike-client-go/admin_command.go:316.73,318.5 1 0
github.com/aerospike/aerospike-client-go/admin_command.go:320.18,322.5 1 0
github.com/aerospike/aerospike-client-go/admin_command.go:324.4,325.9 1 0
github.com/aerospike/aerospike-client-go/admin_command.go:331.82,335.36 3 0
github.com/aerospike/aerospike-client-go/admin_command.go:376.2,376.21 1 0
github.com/aerospike/aerospike-client-go/admin_command.go:335.36,338.22 2 0
github.com/aerospike/aerospike-client-go/admin_command.go:345.3,349.35 4 0
github.com/aerospike/aerospike-client-go/admin_command.go:366.3,366.53 1 0
github.com/aerospike/aerospike-client-go/admin_command.go:370.3,370.29 1 0
github.com/aerospike/aerospike-client-go/admin_command.go:373.3,373.33 1 0
github.com/aerospike/aerospike-client-go/admin_command.go:338.22,339.32 1 0
github.com/aerospike/aerospike-client-go/admin_command.go:342.4,342.31 1 0
github.com/aerospike/aerospike-client-go/admin_command.go:339.32,341.5 1 0
github.com/aerospike/aerospike-client-go/admin_command.go:349.35,356.19 6 0
github.com/aerospike/aerospike-client-go/admin_command.go:356.19,359.5 2 0
github.com/aerospike/aerospike-client-go/admin_command.go:359.5,359.27 1 0
github.com/aerospike/aerospike-client-go/admin_command.go:359.27,361.5 1 0
github.com/aerospike/aerospike-client-go/admin_command.go:361.5,363.5 1 0
github.com/aerospike/aerospike-client-go/admin_command.go:366.53,367.12 1 0
github.com/aerospike/aerospike-client-go/admin_command.go:370.29,372.4 1 0
github.com/aerospike/aerospike-client-go/admin_command.go:379.60,384.28 4 0
github.com/aerospike/aerospike-client-go/admin_command.go:384.28,390.3 5 0
github.com/aerospike/aerospike-client-go/admin_command.go:393.52,397.16 3 0
github.com/aerospike/aerospike-client-go/admin_command.go:400.2,400.36 1 0
github.com/aerospike/aerospike-client-go/admin_command.go:397.16,399.3 1 0
github.com/aerospike/aerospike-client-go/value.go:67.36,68.25 1 68610
github.com/aerospike/aerospike-client-go/value.go:112.2,113.19 2 34
github.com/aerospike/aerospike-client-go/value.go:139.2,139.105 1 0
github.com/aerospike/aerospike-client-go/value.go:69.2,70.22 1 12
github.com/aerospike/aerospike-client-go/value.go:71.2,72.30 1 29897
github.com/aerospike/aerospike-client-go/value.go:73.2,74.27 1 25
github.com/aerospike/aerospike-client-go/value.go:75.2,76.29 1 37091
github.com/aerospike/aerospike-client-go/value.go:77.2,78.28 1 0
github.com/aerospike/aerospike-client-go/value.go:79.2,80.28 1 424
github.com/aerospike/aerospike-client-go/value.go:81.2,82.35 1 7
github.com/aerospike/aerospike-client-go/value.go:83.2,84.35 1 7
github.com/aerospike/aerospike-client-go/value.go:85.2,86.35 1 4
github.com/aerospike/aerospike-client-go/value.go:87.2,88.35 1 7
github.com/aerospike/aerospike-client-go/value.go:89.2,90.35 1 5
github.com/aerospike/aerospike-client-go/value.go:91.2,92.35 1 2
github.com/aerospike/aerospike-client-go/value.go:93.2,94.37 1 1
github.com/aerospike/aerospike-client-go/value.go:95.2,96.28 1 15
github.com/aerospike/aerospike-client-go/value.go:97.2,98.51 1 1
github.com/aerospike/aerospike-client-go/value.go:101.2,102.27 1 16
github.com/aerospike/aerospike-client-go/value.go:103.2,104.26 1 5
github.com/aerospike/aerospike-client-go/value.go:105.2,106.13 1 1055
github.com/aerospike/aerospike-client-go/value.go:107.2,108.27 1 2
github.com/aerospike/aerospike-client-go/value.go:98.51,100.4 1 1
github.com/aerospike/aerospike-client-go/value.go:114.2,117.26 3 8
github.com/aerospike/aerospike-client-go/value.go:121.3,121.27 1 8
github.com/aerospike/aerospike-client-go/value.go:122.2,125.34 3 4
github.com/aerospike/aerospike-client-go/value.go:129.3,129.27 1 4
github.com/aerospike/aerospike-client-go/value.go:130.2,131.48 1 10
github.com/aerospike/aerospike-client-go/value.go:132.2,133.56 1 10
github.com/aerospike/aerospike-client-go/value.go:134.2,135.37 1 2
github.com/aerospike/aerospike-client-go/value.go:117.26,119.4 1 40
github.com/aerospike/aerospike-client-go/value.go:125.34,127.4 1 80
github.com/aerospike/aerospike-client-go/value.go:148.31,150.2 1 2021
github.com/aerospike/aerospike-client-go/value.go:152.40,154.2 1 23
github.com/aerospike/aerospike-client-go/value.go:156.67,158.2 1 22
github.com/aerospike/aerospike-client-go/value.go:160.48,163.2 2 305
github.com/aerospike/aerospike-client-go/value.go:166.35,168.2 1 45
github.com/aerospike/aerospike-client-go/value.go:171.45,173.2 1 1
github.com/aerospike/aerospike-client-go/value.go:175.40,177.2 1 0
github.com/aerospike/aerospike-client-go/value.go:180.37,182.2 1 0
github.com/aerospike/aerospike-client-go/value.go:190.45,192.2 1 426
github.com/aerospike/aerospike-client-go/value.go:197.52,199.16 2 2
github.com/aerospike/aerospike-client-go/value.go:203.2,203.27 1 2
github.com/aerospike/aerospike-client-go/value.go:199.16,200.13 1 0
github.com/aerospike/aerospike-client-go/value.go:206.41,208.2 1 418
github.com/aerospike/aerospike-client-go/value.go:210.68,213.2 2 418
github.com/aerospike/aerospike-client-go/value.go:215.49,218.2 2 0
github.com/aerospike/aerospike-client-go/value.go:221.36,223.2 1 844
github.com/aerospike/aerospike-client-go/value.go:226.46,228.2 1 3
github.com/aerospike/aerospike-client-go/value.go:230.41,232.2 1 7
github.com/aerospike/aerospike-client-go/value.go:235.38,237.2 1 0
github.com/aerospike/aerospike-client-go/value.go:245.47,247.2 1 50621
github.com/aerospike/aerospike-client-go/value.go:249.42,251.2 1 46243
github.com/aerospike/aerospike-client-go/value.go:253.69,255.2 1 46241
github.com/aerospike/aerospike-client-go/value.go:257.50,260.2 2 6146
github.com/aerospike/aerospike-client-go/value.go:263.37,265.2 1 127286
github.com/aerospike/aerospike-client-go/value.go:268.47,270.2 1 25097
github.com/aerospike/aerospike-client-go/value.go:272.42,274.2 1 34834
github.com/aerospike/aerospike-client-go/value.go:277.39,279.2 1 0
github.com/aerospike/aerospike-client-go/value.go:287.46,289.2 1 29941
github.com/aerospike/aerospike-client-go/value.go:291.43,293.2 1 37243
github.com/aerospike/aerospike-client-go/value.go:295.70,298.2 2 37231
github.com/aerospike/aerospike-client-go/value.go:300.51,301.44 1 42386
github.com/aerospike/aerospike-client-go/value.go:306.2,306.12 1 42386
github.com/aerospike/aerospike-client-go/value.go:301.44,303.3 1 0
github.com/aerospike/aerospike-client-go/value.go:303.3,305.3 1 42386
github.com/aerospike/aerospike-client-go/value.go:310.38,312.2 1 74504
github.com/aerospike/aerospike-client-go/value.go:315.48,317.2 1 14051
github.com/aerospike/aerospike-client-go/value.go:319.43,321.2 1 51
github.com/aerospike/aerospike-client-go/value.go:324.40,326.2 1 0
github.com/aerospike/aerospike-client-go/value.go:334.42,336.2 1 64
github.com/aerospike/aerospike-client-go/value.go:338.40,340.2 1 46
github.com/aerospike/aerospike-client-go/value.go:342.67,345.2 2 44
github.com/aerospike/aerospike-client-go/value.go:347.48,350.2 2 0
github.com/aerospike/aerospike-client-go/value.go:353.35,355.2 1 75
github.com/aerospike/aerospike-client-go/value.go:358.45,360.2 1 4
github.com/aerospike/aerospike-client-go/value.go:362.40,364.2 1 0
github.com/aerospike/aerospike-client-go/value.go:367.37,369.2 1 0
github.com/aerospike/aerospike-client-go/value.go:377.46,379.2 1 18
github.com/aerospike/aerospike-client-go/value.go:381.41,383.2 1 16
github.com/aerospike/aerospike-client-go/value.go:385.68,388.2 2 14
github.com/aerospike/aerospike-client-go/value.go:390.49,393.2 2 0
github.com/aerospike/aerospike-client-go/value.go:396.36,398.2 1 30
github.com/aerospike/aerospike-client-go/value.go:401.46,403.2 1 8
github.com/aerospike/aerospike-client-go/value.go:405.41,407.2 1 0
github.com/aerospike/aerospike-client-go/value.go:410.38,412.2 1 0
github.com/aerospike/aerospike-client-go/value.go:425.48,427.23 2 2439
github.com/aerospike/aerospike-client-go/value.go:430.2,430.12 1 2439
github.com/aerospike/aerospike-client-go/value.go:427.23,429.3 1 20546
github.com/aerospike/aerospike-client-go/value.go:435.52,437.2 1 2202
github.com/aerospike/aerospike-client-go/value.go:440.47,448.2 3 2202
github.com/aerospike/aerospike-client-go/value.go:450.42,452.2 1 0
github.com/aerospike/aerospike-client-go/value.go:454.69,457.2 2 0
github.com/aerospike/aerospike-client-go/value.go:459.50,461.2 1 2202
github.com/aerospike/aerospike-client-go/value.go:464.37,466.2 1 0
github.com/aerospike/aerospike-client-go/value.go:469.47,471.2 1 0
github.com/aerospike/aerospike-client-go/value.go:473.42,475.2 1 0
github.com/aerospike/aerospike-client-go/value.go:478.39,480.2 1 0
github.com/aerospike/aerospike-client-go/value.go:492.50,500.2 3 24
github.com/aerospike/aerospike-client-go/value.go:502.41,504.2 1 9013
github.com/aerospike/aerospike-client-go/value.go:506.68,509.2 2 9013
github.com/aerospike/aerospike-client-go/value.go:511.49,515.2 2 3
github.com/aerospike/aerospike-client-go/value.go:518.36,520.2 1 18031
github.com/aerospike/aerospike-client-go/value.go:523.46,525.2 1 17
github.com/aerospike/aerospike-client-go/value.go:527.41,529.2 1 5
github.com/aerospike/aerospike-client-go/value.go:532.38,534.2 1 0
github.com/aerospike/aerospike-client-go/value.go:546.62,554.2 3 10
github.com/aerospike/aerospike-client-go/value.go:556.40,558.2 1 9006
github.com/aerospike/aerospike-client-go/value.go:560.67,562.2 1 9006
github.com/aerospike/aerospike-client-go/value.go:564.48,568.2 2 2
github.com/aerospike/aerospike-client-go/value.go:571.35,573.2 1 18012
github.com/aerospike/aerospike-client-go/value.go:576.45,578.2 1 2
github.com/aerospike/aerospike-client-go/value.go:580.40,582.2 1 0
github.com/aerospike/aerospike-client-go/value.go:585.37,587.2 1 0
github.com/aerospike/aerospike-client-go/value.go:596.49,599.2 2 41
github.com/aerospike/aerospike-client-go/value.go:601.43,604.2 1 41
github.com/aerospike/aerospike-client-go/value.go:606.70,612.2 4 41
github.com/aerospike/aerospike-client-go/value.go:614.51,616.2 1 0
github.com/aerospike/aerospike-client-go/value.go:619.38,621.2 1 82
github.com/aerospike/aerospike-client-go/value.go:624.48,626.2 1 0
github.com/aerospike/aerospike-client-go/value.go:628.43,630.2 1 0
github.com/aerospike/aerospike-client-go/value.go:633.40,635.2 1 0
github.com/aerospike/aerospike-client-go/value.go:639.90,641.15 1 62232
github.com/aerospike/aerospike-client-go/value.go:670.2,670.17 1 3000
github.com/aerospike/aerospike-client-go/value.go:642.2,643.56 1 35487
github.com/aerospike/aerospike-client-go/value.go:645.2,646.49 1 38
github.com/aerospike/aerospike-client-go/value.go:648.2,649.50 1 15714
github.com/aerospike/aerospike-client-go/value.go:651.2,654.21 3 10
github.com/aerospike/aerospike-client-go/value.go:656.2,657.55 1 3194
github.com/aerospike/aerospike-client-go/value.go:659.2,660.54 1 3773
github.com/aerospike/aerospike-client-go/value.go:662.2,663.58 1 1000
github.com/aerospike/aerospike-client-go/value.go:665.2,668.61 3 16
github.com/aerospike/aerospike-client-go/value.go:673.81,675.15 1 11528
github.com/aerospike/aerospike-client-go/value.go:676.2,677.63 1 11512
github.com/aerospike/aerospike-client-go/value.go:679.2,680.69 1 16
github.com/aerospike/aerospike-client-go/value.go:682.2,683.64 1 0
github.com/aerospike/aerospike-client-go/value.go:685.2,688.35 3 0
github.com/aerospike/aerospike-client-go/value.go:690.2,691.18 1 0
github.com/aerospike/aerospike-client-go/single_command.go:29.66,36.2 1 46294
github.com/aerospike/aerospike-client-go/single_command.go:38.63,40.2 1 46294
github.com/aerospike/aerospike-client-go/single_command.go:42.63,50.21 4 38422
github.com/aerospike/aerospike-client-go/single_command.go:58.2,58.12 1 38422
github.com/aerospike/aerospike-client-go/single_command.go:50.21,51.55 1 0
github.com/aerospike/aerospike-client-go/single_command.go:54.3,54.67 1 0
github.com/aerospike/aerospike-client-go/single_command.go:51.55,53.4 1 0
github.com/aerospike/aerospike-client-go/single_command.go:54.67,56.4 1 0
github.com/aerospike/aerospike-client-go/exists_command.go:31.86,36.2 1 2600
github.com/aerospike/aerospike-client-go/exists_command.go:38.57,40.2 1 2600
github.com/aerospike/aerospike-client-go/exists_command.go:42.58,44.2 1 2600
github.com/aerospike/aerospike-client-go/exists_command.go:46.76,48.82 1 2600
github.com/aerospike/aerospike-client-go/exists_command.go:52.2,54.70 2 2600
github.com/aerospike/aerospike-client-go/exists_command.go:57.2,58.46 2 2600
github.com/aerospike/aerospike-client-go/exists_command.go:61.2,61.12 1 2600
github.com/aerospike/aerospike-client-go/exists_command.go:48.82,50.3 1 0
github.com/aerospike/aerospike-client-go/exists_command.go:54.70,56.3 1 0
github.com/aerospike/aerospike-client-go/exists_command.go:58.46,60.3 1 0
github.com/aerospike/aerospike-client-go/exists_command.go:64.41,66.2 1 2600
github.com/aerospike/aerospike-client-go/exists_command.go:68.43,70.2 1 2600
github.com/aerospike/aerospike-client-go/large_object.go:44.133,53.22 2 2009
github.com/aerospike/aerospike-client-go/large_object.go:59.2,59.10 1 2009
github.com/aerospike/aerospike-client-go/large_object.go:53.22,55.3 1 2009
github.com/aerospike/aerospike-client-go/large_object.go:55.3,57.3 1 0
github.com/aerospike/aerospike-client-go/large_object.go:63.59,66.2 2 4
github.com/aerospike/aerospike-client-go/large_object.go:69.63,71.16 2 2406
github.com/aerospike/aerospike-client-go/large_object.go:75.2,75.16 1 2406
github.com/aerospike/aerospike-client-go/large_object.go:78.2,78.15 1 5
github.com/aerospike/aerospike-client-go/large_object.go:71.16,73.3 1 0
github.com/aerospike/aerospike-client-go/large_object.go:75.16,77.3 1 2401
github.com/aerospike/aerospike-client-go/large_object.go:82.92,84.16 2 4
github.com/aerospike/aerospike-client-go/large_object.go:88.2,88.16 1 4
github.com/aerospike/aerospike-client-go/large_object.go:91.2,91.47 1 4
github.com/aerospike/aerospike-client-go/large_object.go:84.16,86.3 1 0
github.com/aerospike/aerospike-client-go/large_object.go:88.16,90.3 1 0
github.com/aerospike/aerospike-client-go/large_object.go:95.73,97.16 2 6
github.com/aerospike/aerospike-client-go/large_object.go:101.2,101.16 1 6
github.com/aerospike/aerospike-client-go/large_object.go:104.2,104.33 1 3
github.com/aerospike/aerospike-client-go/large_object.go:97.16,99.3 1 0
github.com/aerospike/aerospike-client-go/large_object.go:101.16,103.3 1 3
github.com/aerospike/aerospike-client-go/operate_command.go:24.114,30.2 1 424
github.com/aerospike/aerospike-client-go/operate_command.go:32.59,34.2 1 424
github.com/aerospike/aerospike-client-go/operate_command.go:36.44,38.2 1 424
github.com/aerospike/aerospike-client-go/task_register.go:29.74,34.2 1 7
github.com/aerospike/aerospike-client-go/task_register.go:37.50,42.29 4 7
github.com/aerospike/aerospike-client-go/task_register.go:58.2,58.18 1 7
github.com/aerospike/aerospike-client-go/task_register.go:42.29,44.17 2 7
github.com/aerospike/aerospike-client-go/task_register.go:48.3,48.40 1 7
github.com/aerospike/aerospike-client-go/task_register.go:44.17,46.4 1 0
github.com/aerospike/aerospike-client-go/task_register.go:48.40,52.17 3 7
github.com/aerospike/aerospike-client-go/task_register.go:55.4,55.15 1 7
github.com/aerospike/aerospike-client-go/task_register.go:52.17,54.5 1 0
github.com/aerospike/aerospike-client-go/task_register.go:63.51,65.2 1 7
github.com/aerospike/aerospike-client-go/batch_command_exists.go:41.23,49.2 1 1
github.com/aerospike/aerospike-client-go/batch_command_exists.go:51.62,53.2 1 1
github.com/aerospike/aerospike-client-go/batch_command_exists.go:55.63,57.2 1 1
github.com/aerospike/aerospike-client-go/batch_command_exists.go:61.95,65.35 2 2
github.com/aerospike/aerospike-client-go/batch_command_exists.go:109.2,109.18 1 1
github.com/aerospike/aerospike-client-go/batch_command_exists.go:65.35,66.72 1 2049
github.com/aerospike/aerospike-client-go/batch_command_exists.go:70.3,74.59 2 2049
github.com/aerospike/aerospike-client-go/batch_command_exists.go:78.3,81.48 2 2049
github.com/aerospike/aerospike-client-go/batch_command_exists.go:85.3,88.18 3 2048
github.com/aerospike/aerospike-client-go/batch_command_exists.go:92.3,93.17 2 2048
github.com/aerospike/aerospike-client-go/batch_command_exists.go:97.3,100.55 3 2048
github.com/aerospike/aerospike-client-go/batch_command_exists.go:66.72,68.4 1 0
github.com/aerospike/aerospike-client-go/batch_command_exists.go:74.59,76.4 1 0
github.com/aerospike/aerospike-client-go/batch_command_exists.go:81.48,83.4 1 1
github.com/aerospike/aerospike-client-go/batch_command_exists.go:88.18,90.4 1 0
github.com/aerospike/aerospike-client-go/batch_command_exists.go:93.17,95.4 1 0
github.com/aerospike/aerospike-client-go/batch_command_exists.go:100.55,102.23 1 2048
github.com/aerospike/aerospike-client-go/batch_command_exists.go:102.23,104.5 1 1024
github.com/aerospike/aerospike-client-go/batch_command_exists.go:105.4,107.4 1 0
github.com/aerospike/aerospike-client-go/batch_command_exists.go:112.48,114.2 1 1
github.com/aerospike/aerospike-client-go/query_record_command.go:23.125,31.2 3 19
github.com/aerospike/aerospike-client-go/query_record_command.go:33.48,36.2 2 19
github.com/aerospike/aerospike-client-go/record.go:40.90,50.19 2 32640
github.com/aerospike/aerospike-client-go/record.go:54.2,54.10 1 32640
github.com/aerospike/aerospike-client-go/record.go:50.19,52.3 1 15
github.com/aerospike/aerospike-client-go/record.go:59.35,61.2 1 0
github.com/aerospike/aerospike-client-go/write_policy.go:66.65,76.2 1 114
github.com/aerospike/aerospike-client-go/connection.go:39.39,40.53 1 0
github.com/aerospike/aerospike-client-go/connection.go:43.2,43.12 1 0
github.com/aerospike/aerospike-client-go/connection.go:40.53,42.3 1 0
github.com/aerospike/aerospike-client-go/connection.go:50.80,54.16 3 633
github.com/aerospike/aerospike-client-go/connection.go:58.2,61.52 2 633
github.com/aerospike/aerospike-client-go/connection.go:64.2,64.21 1 633
github.com/aerospike/aerospike-client-go/connection.go:54.16,57.3 2 0
github.com/aerospike/aerospike-client-go/connection.go:61.52,63.3 1 0
github.com/aerospike/aerospike-client-go/connection.go:68.65,73.21 3 51146
github.com/aerospike/aerospike-client-go/connection.go:80.2,80.16 1 51146
github.com/aerospike/aerospike-client-go/connection.go:83.2,83.36 1 0
github.com/aerospike/aerospike-client-go/connection.go:73.21,74.55 1 51146
github.com/aerospike/aerospike-client-go/connection.go:77.3,77.13 1 51146
github.com/aerospike/aerospike-client-go/connection.go:74.55,75.9 1 0
github.com/aerospike/aerospike-client-go/connection.go:80.16,82.3 1 51146
github.com/aerospike/aerospike-client-go/connection.go:87.84,92.35 2 16161
github.com/aerospike/aerospike-client-go/connection.go:92.35,94.3 1 16161
github.com/aerospike/aerospike-client-go/connection.go:94.3,94.23 1 0
github.com/aerospike/aerospike-client-go/connection.go:94.23,96.3 1 0
github.com/aerospike/aerospike-client-go/connection.go:96.3,98.3 1 0
github.com/aerospike/aerospike-client-go/connection.go:102.76,106.21 2 79201
github.com/aerospike/aerospike-client-go/connection.go:114.2,114.35 1 79201
github.com/aerospike/aerospike-client-go/connection.go:106.21,109.17 3 79280
github.com/aerospike/aerospike-client-go/connection.go:109.17,110.9 1 0
github.com/aerospike/aerospike-client-go/connection.go:114.35,116.3 1 79201
github.com/aerospike/aerospike-client-go/connection.go:116.3,116.23 1 0
github.com/aerospike/aerospike-client-go/connection.go:116.23,118.3 1 0
github.com/aerospike/aerospike-client-go/connection.go:118.3,120.3 1 0
github.com/aerospike/aerospike-client-go/connection.go:124.43,126.2 1 56078
github.com/aerospike/aerospike-client-go/connection.go:129.64,131.37 1 54509
github.com/aerospike/aerospike-client-go/connection.go:146.2,146.12 1 54509
github.com/aerospike/aerospike-client-go/connection.go:131.37,135.22 2 5916
github.com/aerospike/aerospike-client-go/connection.go:135.22,137.19 2 5916
github.com/aerospike/aerospike-client-go/connection.go:140.4,140.57 1 5916
github.com/aerospike/aerospike-client-go/connection.go:137.19,139.5 1 5383
github.com/aerospike/aerospike-client-go/connection.go:140.57,142.5 1 0
github.com/aerospike/aerospike-client-go/connection.go:150.32,151.35 1 528
github.com/aerospike/aerospike-client-go/connection.go:151.35,152.42 1 528
github.com/aerospike/aerospike-client-go/connection.go:155.3,155.17 1 528
github.com/aerospike/aerospike-client-go/connection.go:152.42,154.4 1 0
github.com/aerospike/aerospike-client-go/connection.go:160.73,162.16 1 633
github.com/aerospike/aerospike-client-go/connection.go:169.2,169.12 1 633
github.com/aerospike/aerospike-client-go/connection.go:162.16,164.67 2 0
github.com/aerospike/aerospike-client-go/connection.go:164.67,167.4 1 0
github.com/aerospike/aerospike-client-go/connection.go:173.62,175.2 1 443
github.com/aerospike/aerospike-client-go/connection.go:178.38,180.2 1 53249
github.com/aerospike/aerospike-client-go/connection.go:183.34,185.2 1 53797
github.com/aerospike/aerospike-client-go/delete_command.go:31.87,38.2 2 1108
github.com/aerospike/aerospike-client-go/delete_command.go:40.57,42.2 1 1108
github.com/aerospike/aerospike-client-go/delete_command.go:44.58,46.2 1 1108
github.com/aerospike/aerospike-client-go/delete_command.go:48.76,50.82 1 1108
github.com/aerospike/aerospike-client-go/delete_command.go:54.2,56.70 2 1108
github.com/aerospike/aerospike-client-go/delete_command.go:59.2,63.12 3 1108
github.com/aerospike/aerospike-client-go/delete_command.go:50.82,52.3 1 0
github.com/aerospike/aerospike-client-go/delete_command.go:56.70,58.3 1 0
github.com/aerospike/aerospike-client-go/delete_command.go:66.42,68.2 1 1108
github.com/aerospike/aerospike-client-go/delete_command.go:70.43,72.2 1 1108
github.com/aerospike/aerospike-client-go/info.go:38.77,40.16 2 48
github.com/aerospike/aerospike-client-go/info.go:44.2,45.16 2 48
github.com/aerospike/aerospike-client-go/info.go:49.2,50.22 2 48
github.com/aerospike/aerospike-client-go/info.go:40.16,42.3 1 0
github.com/aerospike/aerospike-client-go/info.go:45.16,48.3 2 0
github.com/aerospike/aerospike-client-go/info.go:54.62,56.16 2 4
github.com/aerospike/aerospike-client-go/info.go:60.2,63.13 3 4
github.com/aerospike/aerospike-client-go/info.go:67.2,68.24 2 4
github.com/aerospike/aerospike-client-go/info.go:75.2,75.17 1 4
github.com/aerospike/aerospike-client-go/info.go:56.16,58.3 1 0
github.com/aerospike/aerospike-client-go/info.go:63.13,65.3 1 0
github.com/aerospike/aerospike-client-go/info.go:68.24,70.18 2 800
github.com/aerospike/aerospike-client-go/info.go:70.18,72.4 1 800
github.com/aerospike/aerospike-client-go/info.go:79.67,81.41 2 4806
github.com/aerospike/aerospike-client-go/info.go:84.2,88.50 2 4806
github.com/aerospike/aerospike-client-go/info.go:91.2,91.21 1 4804
github.com/aerospike/aerospike-client-go/info.go:81.41,83.3 1 4806
github.com/aerospike/aerospike-client-go/info.go:88.50,90.3 1 0
github.com/aerospike/aerospike-client-go/info.go:95.80,97.16 2 4751
github.com/aerospike/aerospike-client-go/info.go:100.2,100.34 1 4749
github.com/aerospike/aerospike-client-go/info.go:97.16,99.3 1 0
[...]
github.com/aerospike/aerospike-client-go/large_map.go:76.2,76.47 1 200
github.com/aerospike/aerospike-client-go/large_map.go:69.16,71.3 1 0
github.com/aerospike/aerospike-client-go/large_map.go:73.16,75.3 1 0
github.com/aerospike/aerospike-client-go/large_map.go:80.52,83.2 2 100
github.com/aerospike/aerospike-client-go/large_map.go:86.65,88.16 2 3
github.com/aerospike/aerospike-client-go/large_map.go:92.2,92.16 1 3
github.com/aerospike/aerospike-client-go/large_map.go:95.2,95.47 1 2
github.com/aerospike/aerospike-client-go/large_map.go:88.16,90.3 1 0
github.com/aerospike/aerospike-client-go/large_map.go:92.16,94.3 1 1
github.com/aerospike/aerospike-client-go/large_map.go:99.111,101.16 2 0
github.com/aerospike/aerospike-client-go/large_map.go:105.2,105.16 1 0
github.com/aerospike/aerospike-client-go/large_map.go:108.2,108.47 1 0
github.com/aerospike/aerospike-client-go/large_map.go:101.16,103.3 1 0
github.com/aerospike/aerospike-client-go/large_map.go:105.16,107.3 1 0
github.com/aerospike/aerospike-client-go/large_map.go:112.37,114.2 1 1
github.com/aerospike/aerospike-client-go/large_map.go:117.41,119.2 1 103
github.com/aerospike/aerospike-client-go/large_map.go:122.70,124.2 1 1
github.com/aerospike/aerospike-client-go/recordset.go:59.69,63.57 1 41
github.com/aerospike/aerospike-client-go/recordset.go:67.2,76.11 3 41
github.com/aerospike/aerospike-client-go/recordset.go:63.57,64.66 1 0
github.com/aerospike/aerospike-client-go/recordset.go:80.55,89.2 3 37
github.com/aerospike/aerospike-client-go/recordset.go:92.39,94.2 1 5
github.com/aerospike/aerospike-client-go/recordset.go:114.48,117.12 2 35
github.com/aerospike/aerospike-client-go/recordset.go:143.2,143.30 1 35
github.com/aerospike/aerospike-client-go/recordset.go:117.12,119.7 2 35
github.com/aerospike/aerospike-client-go/recordset.go:119.7,120.11 1 22140
github.com/aerospike/aerospike-client-go/recordset.go:121.4,122.12 1 22120
github.com/aerospike/aerospike-client-go/recordset.go:129.5,129.40 1 22105
github.com/aerospike/aerospike-client-go/recordset.go:130.4,131.12 1 20
github.com/aerospike/aerospike-client-go/recordset.go:138.5,138.40 1 0
github.com/aerospike/aerospike-client-go/recordset.go:122.12,123.32 1 15
github.com/aerospike/aerospike-client-go/recordset.go:127.6,127.12 1 15
github.com/aerospike/aerospike-client-go/recordset.go:123.32,126.7 1 0
github.com/aerospike/aerospike-client-go/recordset.go:131.12,132.33 1 20
github.com/aerospike/aerospike-client-go/recordset.go:136.6,136.12 1 20
github.com/aerospike/aerospike-client-go/recordset.go:132.33,135.7 1 19
github.com/aerospike/aerospike-client-go/recordset.go:147.31,149.39 1 45
github.com/aerospike/aerospike-client-go/recordset.go:149.39,159.25 5 41
github.com/aerospike/aerospike-client-go/recordset.go:165.3,165.20 1 41
github.com/aerospike/aerospike-client-go/recordset.go:159.25,161.4 1 37
github.com/aerospike/aerospike-client-go/recordset.go:161.4,161.35 1 4
github.com/aerospike/aerospike-client-go/recordset.go:161.35,163.4 1 4
github.com/aerospike/aerospike-client-go/recordset.go:169.35,171.43 2 40
github.com/aerospike/aerospike-client-go/recordset.go:171.43,173.3 1 40
github.com/aerospike/aerospike-client-go/recordset.go:176.44,179.20 3 5
github.com/aerospike/aerospike-client-go/recordset.go:179.20,181.3 1 1
github.com/aerospike/aerospike-client-go/batch_node.go:27.76,30.21 2 4
github.com/aerospike/aerospike-client-go/batch_node.go:34.2,40.27 4 4
github.com/aerospike/aerospike-client-go/batch_node.go:53.2,53.24 1 4
github.com/aerospike/aerospike-client-go/batch_node.go:30.21,32.3 1 0
github.com/aerospike/aerospike-client-go/batch_node.go:40.27,47.23 4 7168
github.com/aerospike/aerospike-client-go/batch_node.go:47.23,49.4 1 4
github.com/aerospike/aerospike-client-go/batch_node.go:49.4,51.4 1 7164
github.com/aerospike/aerospike-client-go/batch_node.go:56.89,62.2 1 4
github.com/aerospike/aerospike-client-go/batch_node.go:64.59,67.27 2 7164
github.com/aerospike/aerospike-client-go/batch_node.go:67.27,69.3 1 0
github.com/aerospike/aerospike-client-go/batch_node.go:69.3,71.3 1 7164
github.com/aerospike/aerospike-client-go/batch_node.go:74.64,75.52 1 7164
github.com/aerospike/aerospike-client-go/batch_node.go:81.2,81.12 1 0
github.com/aerospike/aerospike-client-go/batch_node.go:75.52,77.73 1 7164
github.com/aerospike/aerospike-client-go/batch_node.go:77.73,79.4 1 7164
github.com/aerospike/aerospike-client-go/batch_node.go:84.63,85.23 1 7168
github.com/aerospike/aerospike-client-go/batch_node.go:91.2,91.12 1 4
github.com/aerospike/aerospike-client-go/batch_node.go:85.23,87.28 1 7164
github.com/aerospike/aerospike-client-go/batch_node.go:87.28,89.4 1 7164
github.com/aerospike/aerospike-client-go/batch_node.go:100.81,109.2 3 4
github.com/aerospike/aerospike-client-go/batch_node.go:111.43,112.38 1 7164
github.com/aerospike/aerospike-client-go/batch_node.go:117.2,118.17 2 7164
github.com/aerospike/aerospike-client-go/batch_node.go:112.38,116.3 3 0
github.com/aerospike/aerospike-client-go/node.go:57.57,82.2 1 95
github.com/aerospike/aerospike-client-go/node.go:85.44,91.16 4 4404
github.com/aerospike/aerospike-client-go/node.go:95.2,96.16 2 4404
github.com/aerospike/aerospike-client-go/node.go:102.2,102.51 1 4404
github.com/aerospike/aerospike-client-go/node.go:106.2,109.55 3 4404
github.com/aerospike/aerospike-client-go/node.go:114.2,114.59 1 4404
github.com/aerospike/aerospike-client-go/node.go:129.2,130.21 2 4404
github.com/aerospike/aerospike-client-go/node.go:91.16,93.3 1 0
github.com/aerospike/aerospike-client-go/node.go:96.16,100.3 3 0
github.com/aerospike/aerospike-client-go/node.go:102.51,105.3 2 0
github.com/aerospike/aerospike-client-go/node.go:109.55,112.3 2 0
github.com/aerospike/aerospike-client-go/node.go:114.59,117.3 2 0
github.com/aerospike/aerospike-client-go/node.go:133.65,136.35 2 4404
github.com/aerospike/aerospike-client-go/node.go:141.2,141.28 1 4404
github.com/aerospike/aerospike-client-go/node.go:146.2,146.12 1 4404
github.com/aerospike/aerospike-client-go/node.go:136.35,139.3 2 0
github.com/aerospike/aerospike-client-go/node.go:141.28,145.3 2 0
github.com/aerospike/aerospike-client-go/node.go:149.72,153.39 3 4404
github.com/aerospike/aerospike-client-go/node.go:157.2,159.37 2 0
github.com/aerospike/aerospike-client-go/node.go:192.2,192.21 1 0
github.com/aerospike/aerospike-client-go/node.go:153.39,155.3 1 4404
github.com/aerospike/aerospike-client-go/node.go:159.37,162.27 2 0
github.com/aerospike/aerospike-client-go/node.go:167.3,171.43 4 0
github.com/aerospike/aerospike-client-go/node.go:177.3,179.18 2 0
github.com/aerospike/aerospike-client-go/node.go:162.27,164.12 2 0
github.com/aerospike/aerospike-client-go/node.go:171.43,172.70 1 0
github.com/aerospike/aerospike-client-go/node.go:172.70,174.5 1 0
github.com/aerospike/aerospike-client-go/node.go:179.18,181.4 1 0
github.com/aerospike/aerospike-client-go/node.go:181.4,182.37 1 0
github.com/aerospike/aerospike-client-go/node.go:182.37,183.23 1 0
github.com/aerospike/aerospike-client-go/node.go:187.5,187.37 1 0
github.com/aerospike/aerospike-client-go/node.go:183.23,185.6 1 0
github.com/aerospike/aerospike-client-go/node.go:195.62,196.31 1 0
github.com/aerospike/aerospike-client-go/node.go:201.2,201.14 1 0
github.com/aerospike/aerospike-client-go/node.go:196.31,197.22 1 0
github.com/aerospike/aerospike-client-go/node.go:197.22,199.4 1 0
github.com/aerospike/aerospike-client-go/node.go:204.85,207.36 2 4404
github.com/aerospike/aerospike-client-go/node.go:211.2,213.48 2 4404
github.com/aerospike/aerospike-client-go/node.go:221.2,221.12 1 4404
github.com/aerospike/aerospike-client-go/node.go:207.36,209.3 1 0
github.com/aerospike/aerospike-client-go/node.go:213.48,215.63 2 95
github.com/aerospike/aerospike-client-go/node.go:218.3,218.41 1 95
github.com/aerospike/aerospike-client-go/node.go:215.63,217.4 1 0
github.com/aerospike/aerospike-client-go/node.go:226.84,230.56 3 53692
github.com/aerospike/aerospike-client-go/node.go:277.2,277.65 1 4
github.com/aerospike/aerospike-client-go/node.go:230.56,231.43 1 53732
github.com/aerospike/aerospike-client-go/node.go:242.3,242.133 1 487
github.com/aerospike/aerospike-client-go/node.go:253.3,253.89 1 443
github.com/aerospike/aerospike-client-go/node.go:258.3,258.82 1 443
github.com/aerospike/aerospike-client-go/node.go:265.3,265.49 1 443
github.com/aerospike/aerospike-client-go/node.go:271.3,275.19 4 443
github.com/aerospike/aerospike-client-go/node.go:231.43,233.44 2 53250
github.com/aerospike/aerospike-client-go/node.go:238.4,238.33 1 5
github.com/aerospike/aerospike-client-go/node.go:233.44,234.52 1 53245
github.com/aerospike/aerospike-client-go/node.go:234.52,236.6 1 53245
github.com/aerospike/aerospike-client-go/node.go:242.133,244.38 1 44
github.com/aerospike/aerospike-client-go/node.go:250.4,250.11 1 4
github.com/aerospike/aerospike-client-go/node.go:244.38,248.13 3 40
github.com/aerospike/aerospike-client-go/node.go:253.89,255.4 1 0
github.com/aerospike/aerospike-client-go/node.go:258.82,263.4 2 0
github.com/aerospike/aerospike-client-go/node.go:265.49,269.4 2 0
github.com/aerospike/aerospike-client-go/node.go:283.49,285.53 2 53356
github.com/aerospike/aerospike-client-go/node.go:285.53,287.3 1 0
github.com/aerospike/aerospike-client-go/node.go:291.56,294.2 2 329
github.com/aerospike/aerospike-client-go/node.go:297.33,301.2 1 50442
github.com/aerospike/aerospike-client-go/node.go:304.34,306.2 1 0
github.com/aerospike/aerospike-client-go/node.go:309.36,311.2 1 4404
github.com/aerospike/aerospike-client-go/node.go:314.33,316.2 1 0
github.com/aerospike/aerospike-client-go/node.go:319.33,321.2 1 62339
github.com/aerospike/aerospike-client-go/node.go:324.34,326.2 1 95
github.com/aerospike/aerospike-client-go/node.go:329.38,335.2 4 95
github.com/aerospike/aerospike-client-go/node.go:338.45,342.2 3 0
github.com/aerospike/aerospike-client-go/node.go:345.44,349.20 2 0
github.com/aerospike/aerospike-client-go/node.go:353.2,354.24 2 0
github.com/aerospike/aerospike-client-go/node.go:349.20,351.3 1 0
github.com/aerospike/aerospike-client-go/node.go:358.25,361.2 2 5
github.com/aerospike/aerospike-client-go/node.go:364.33,366.2 1 0
github.com/aerospike/aerospike-client-go/node.go:368.36,369.79 1 5
github.com/aerospike/aerospike-client-go/node.go:369.79,371.3 1 1
github.com/aerospike/aerospike-client-go/node.go:375.42,377.2 1 0
github.com/aerospike/aerospike-client-go/node.go:380.53,382.16 2 4
github.com/aerospike/aerospike-client-go/node.go:387.2,387.86 1 4
github.com/aerospike/aerospike-client-go/node.go:392.2,392.19 1 4
github.com/aerospike/aerospike-client-go/node.go:382.16,384.3 1 0
github.com/aerospike/aerospike-client-go/node.go:387.86,389.3 1 0
github.com/aerospike/aerospike-client-go/node.go:396.82,397.18 1 0
github.com/aerospike/aerospike-client-go/node.go:400.2,402.12 2 0
github.com/aerospike/aerospike-client-go/node.go:413.2,414.9 2 0
github.com/aerospike/aerospike-client-go/node.go:397.18,399.3 1 0
github.com/aerospike/aerospike-client-go/node.go:402.12,405.7 1 0
github.com/aerospike/aerospike-client-go/node.go:405.7,406.64 1 0
github.com/aerospike/aerospike-client-go/node.go:406.64,409.5 2 0
github.com/aerospike/aerospike-client-go/node.go:415.2,416.36 1 0
github.com/aerospike/aerospike-client-go/node.go:417.2,418.13 1 0
github.com/aerospike/aerospike-client-go/node_validator.go:40.100,46.58 2 190
github.com/aerospike/aerospike-client-go/node_validator.go:50.2,50.61 1 190
github.com/aerospike/aerospike-client-go/node_validator.go:54.2,54.30 1 190
github.com/aerospike/aerospike-client-go/node_validator.go:46.58,48.3 1 0
github.com/aerospike/aerospike-client-go/node_validator.go:50.61,52.3 1 0
github.com/aerospike/aerospike-client-go/node_validator.go:57.56,60.15 2 190
github.com/aerospike/aerospike-client-go/node_validator.go:76.2,77.12 2 190
github.com/aerospike/aerospike-client-go/node_validator.go:60.15,64.3 3 95
github.com/aerospike/aerospike-client-go/node_validator.go:64.3,66.17 2 95
github.com/aerospike/aerospike-client-go/node_validator.go:70.3,71.36 2 95
github.com/aerospike/aerospike-client-go/node_validator.go:74.3,74.24 1 95
github.com/aerospike/aerospike-client-go/node_validator.go:66.17,69.4 2 0
github.com/aerospike/aerospike-client-go/node_validator.go:71.36,73.4 1 95
github.com/aerospike/aerospike-client-go/node_validator.go:80.67,81.36 1 190
github.com/aerospike/aerospike-client-go/node_validator.go:126.2,126.12 1 190
github.com/aerospike/aerospike-client-go/node_validator.go:81.36,84.17 3 190
github.com/aerospike/aerospike-client-go/node_validator.go:88.3,91.85 2 190
github.com/aerospike/aerospike-client-go/node_validator.go:98.3,98.50 1 190
github.com/aerospike/aerospike-client-go/node_validator.go:102.3,103.17 2 190
github.com/aerospike/aerospike-client-go/node_validator.go:106.3,106.50 1 190
github.com/aerospike/aerospike-client-go/node_validator.go:84.17,86.4 1 0
github.com/aerospike/aerospike-client-go/node_validator.go:91.85,96.4 2 0
github.com/aerospike/aerospike-client-go/node_validator.go:98.50,100.4 1 0
github.com/aerospike/aerospike-client-go/node_validator.go:103.17,105.4 1 0
github.com/aerospike/aerospike-client-go/node_validator.go:106.50,111.55 3 190
github.com/aerospike/aerospike-client-go/node_validator.go:116.4,116.56 1 190
github.com/aerospike/aerospike-client-go/node_validator.go:111.55,113.5 1 190
github.com/aerospike/aerospike-client-go/node_validator.go:116.56,118.19 2 190
github.com/aerospike/aerospike-client-go/node_validator.go:122.5,122.77 1 190
github.com/aerospike/aerospike-client-go/node_validator.go:118.19,121.6 2 0
github.com/aerospike/aerospike-client-go/node_validator.go:129.56,131.29 2 190
github.com/aerospike/aerospike-client-go/node_validator.go:131.29,132.25 1 1710
github.com/aerospike/aerospike-client-go/node_validator.go:133.3,134.28 1 190
github.com/aerospike/aerospike-client-go/node_validator.go:135.3,136.33 1 190
github.com/aerospike/aerospike-client-go/node_validator.go:137.3,138.34 1 190
github.com/aerospike/aerospike-client-go/node_validator.go:139.3,140.26 1 190
github.com/aerospike/aerospike-client-go/node_validator.go:148.64,150.22 2 190
github.com/aerospike/aerospike-client-go/node_validator.go:153.2,156.47 4 190
github.com/aerospike/aerospike-client-go/node_validator.go:159.2,160.101 2 0
github.com/aerospike/aerospike-client-go/node_validator.go:150.22,152.3 1 0
github.com/aerospike/aerospike-client-go/node_validator.go:156.47,158.3 1 190
github.com/aerospike/aerospike-client-go/touch_command.go:30.85,37.2 2 499
github.com/aerospike/aerospike-client-go/touch_command.go:39.56,41.2 1 499
github.com/aerospike/aerospike-client-go/touch_command.go:43.57,45.2 1 499
github.com/aerospike/aerospike-client-go/touch_command.go:47.75,49.82 1 499
github.com/aerospike/aerospike-client-go/touch_command.go:53.2,55.21 2 499
github.com/aerospike/aerospike-client-go/touch_command.go:58.2,58.46 1 498
github.com/aerospike/aerospike-client-go/touch_command.go:61.2,61.12 1 498
github.com/aerospike/aerospike-client-go/touch_command.go:49.82,51.3 1 0
github.com/aerospike/aerospike-client-go/touch_command.go:55.21,57.3 1 1
github.com/aerospike/aerospike-client-go/touch_command.go:58.46,60.3 1 0
github.com/aerospike/aerospike-client-go/touch_command.go:64.42,66.2 1 499
github.com/aerospike/aerospike-client-go/key.go:53.35,55.2 1 7172
github.com/aerospike/aerospike-client-go/key.go:58.33,60.2 1 4
github.com/aerospike/aerospike-client-go/key.go:63.30,65.2 1 16013
github.com/aerospike/aerospike-client-go/key.go:68.32,70.2 1 54742
github.com/aerospike/aerospike-client-go/key.go:73.40,75.2 1 0
github.com/aerospike/aerospike-client-go/key.go:78.32,79.15 1 0
github.com/aerospike/aerospike-client-go/key.go:83.2,83.23 1 0
github.com/aerospike/aerospike-client-go/key.go:86.2,86.95 1 0
github.com/aerospike/aerospike-client-go/key.go:79.15,81.3 1 0
github.com/aerospike/aerospike-client-go/key.go:83.23,85.3 1 0
github.com/aerospike/aerospike-client-go/key.go:92.89,102.2 3 34897
github.com/aerospike/aerospike-client-go/key.go:106.114,113.48 2 1
github.com/aerospike/aerospike-client-go/key.go:116.2,116.20 1 1
github.com/aerospike/aerospike-client-go/key.go:113.48,115.3 1 0
github.com/aerospike/aerospike-client-go/key.go:120.47,121.23 1 2
github.com/aerospike/aerospike-client-go/key.go:124.2,125.12 2 2
github.com/aerospike/aerospike-client-go/key.go:121.23,123.3 1 0
github.com/aerospike/aerospike-client-go/key.go:130.46,133.34 2 34897
github.com/aerospike/aerospike-client-go/key.go:137.2,137.33 1 34897
github.com/aerospike/aerospike-client-go/key.go:142.2,158.17 12 34897
github.com/aerospike/aerospike-client-go/key.go:133.34,135.3 1 0
github.com/aerospike/aerospike-client-go/key.go:137.33,139.3 1 0
github.com/aerospike/aerospike-client-go/key.go:165.13,167.57 2 1
github.com/aerospike/aerospike-client-go/key.go:171.2,172.59 2 1
github.com/aerospike/aerospike-client-go/key.go:167.57,169.3 1 2
github.com/aerospike/aerospike-client-go/key.go:172.59,174.3 1 2
github.com/aerospike/aerospike-client-go/multi_policy.go:40.36,47.2 1 193
github.com/aerospike/aerospike-client-go/operation.go:53.45,55.2 1 0
github.com/aerospike/aerospike-client-go/operation.go:58.25,60.2 1 7
github.com/aerospike/aerospike-client-go/operation.go:63.31,65.2 1 2
github.com/aerospike/aerospike-client-go/operation.go:68.33,70.2 1 5
github.com/aerospike/aerospike-client-go/operation.go:73.36,75.2 1 1
github.com/aerospike/aerospike-client-go/operation.go:78.37,80.2 1 1
github.com/aerospike/aerospike-client-go/operation.go:83.33,85.2 1 2
github.com/aerospike/aerospike-client-go/operation.go:88.27,90.2 1 3
github.com/aerospike/aerospike-client-go/operation.go:134.69,136.22 2 233
github.com/aerospike/aerospike-client-go/operation.go:152.2,152.46 1 0
github.com/aerospike/aerospike-client-go/operation.go:136.22,143.3 6 231
github.com/aerospike/aerospike-client-go/operation.go:143.3,143.28 1 2
github.com/aerospike/aerospike-client-go/operation.go:143.28,150.3 6 2
github.com/aerospike/aerospike-client-go/operation.go:159.80,161.22 2 2
github.com/aerospike/aerospike-client-go/operation.go:179.2,179.46 1 0
github.com/aerospike/aerospike-client-go/operation.go:161.22,169.3 7 1
github.com/aerospike/aerospike-client-go/operation.go:169.3,169.28 1 1
github.com/aerospike/aerospike-client-go/operation.go:169.28,177.3 7 1
github.com/aerospike/aerospike-client-go/operation.go:184.54,191.2 6 10
github.com/aerospike/aerospike-client-go/operation.go:195.70,196.16 1 0
github.com/aerospike/aerospike-client-go/operation.go:200.2,206.84 7 0
github.com/aerospike/aerospike-client-go/operation.go:196.16,198.3 1 0
github.com/aerospike/aerospike-client-go/operation.go:212.57,219.2 6 11
github.com/aerospike/aerospike-client-go/operation.go:224.73,225.16 1 4
github.com/aerospike/aerospike-client-go/operation.go:229.2,235.84 7 3
github.com/aerospike/aerospike-client-go/operation.go:225.16,227.3 1 1
github.com/aerospike/aerospike-client-go/operation.go:241.73,249.2 7 11
github.com/aerospike/aerospike-client-go/operation.go:255.66,263.2 7 1
github.com/aerospike/aerospike-client-go/operation.go:268.45,274.2 4 1
github.com/aerospike/aerospike-client-go/operation.go:278.44,284.2 4 102
github.com/aerospike/aerospike-client-go/operation.go:288.54,295.2 6 5
github.com/aerospike/aerospike-client-go/operation.go:299.70,307.2 7 37
github.com/aerospike/aerospike-client-go/query_policy.go:23.36,32.2 3 95
github.com/aerospike/aerospike-client-go/scan_objects_command.go:37.23,49.2 3 1
github.com/aerospike/aerospike-client-go/scan_objects_command.go:51.62,53.2 1 1
github.com/aerospike/aerospike-client-go/scan_objects_command.go:55.63,57.2 1 1
github.com/aerospike/aerospike-client-go/scan_objects_command.go:59.81,61.2 1 1
github.com/aerospike/aerospike-client-go/scan_objects_command.go:63.48,66.2 2 1
github.com/aerospike/aerospike-client-go/execute_command.go:32.19,39.2 1 6158
github.com/aerospike/aerospike-client-go/execute_command.go:41.59,43.2 1 6158
github.com/aerospike/aerospike-client-go/execute_command.go:45.44,47.2 1 6158
